running develop
/usr/lib/python3/dist-packages/setuptools/command/easy_install.py:158: EasyInstallDeprecationWarning: easy_install command is deprecated. Use build and pip and other standards-based tools.
  warnings.warn(
/usr/lib/python3/dist-packages/setuptools/command/install.py:34: SetuptoolsDeprecationWarning: setup.py install is deprecated. Use build and pip and other standards-based tools.
  warnings.warn(
/usr/lib/python3/dist-packages/pkg_resources/__init__.py:116: PkgResourcesDeprecationWarning: 1.16.0-unknown is an invalid version and will not be supported in a future release
  warnings.warn(
/usr/lib/python3/dist-packages/pkg_resources/__init__.py:116: PkgResourcesDeprecationWarning: 0.1.43ubuntu1 is an invalid version and will not be supported in a future release
  warnings.warn(
/usr/lib/python3/dist-packages/pkg_resources/__init__.py:116: PkgResourcesDeprecationWarning: 1.1build1 is an invalid version and will not be supported in a future release
  warnings.warn(
running egg_info
creating ros2env.egg-info
writing ros2env.egg-info/PKG-INFO
writing dependency_links to ros2env.egg-info/dependency_links.txt
writing entry points to ros2env.egg-info/entry_points.txt
writing requirements to ros2env.egg-info/requires.txt
writing top-level names to ros2env.egg-info/top_level.txt
writing manifest file 'ros2env.egg-info/SOURCES.txt'
reading manifest file 'ros2env.egg-info/SOURCES.txt'
writing manifest file 'ros2env.egg-info/SOURCES.txt'
running build_ext
Creating /home/minipin/ros2-study/robot_dj/install/ros2env/lib/python3.10/site-packages/ros2env.egg-link (link to .)

Installed /home/minipin/ros2-study/robot_dj/build/ros2env
running install_data
creating /home/minipin/ros2-study/robot_dj/install/ros2env/share/ament_index
creating /home/minipin/ros2-study/robot_dj/install/ros2env/share/ament_index/resource_index
creating /home/minipin/ros2-study/robot_dj/install/ros2env/share/ament_index/resource_index/packages
copying resource/ros2env -> /home/minipin/ros2-study/robot_dj/install/ros2env/share/ament_index/resource_index/packages
copying package.xml -> /home/minipin/ros2-study/robot_dj/install/ros2env/share/ros2env
