[  5%] [32mBuilding CXX object CMakeFiles/calculator.dir/src/calculator/main.cpp.o[0m
[ 11%] [32mBuilding CXX object gtest/CMakeFiles/gtest_main.dir/src/gtest_main.cc.o[0m
[ 17%] [32mBuilding CXX object CMakeFiles/calculator.dir/src/calculator/calculator.cpp.o[0m
[ 23%] [32mBuilding CXX object CMakeFiles/checker.dir/src/checker/checker.cpp.o[0m
[ 29%] [32mBuilding CXX object CMakeFiles/argument.dir/src/arithmetic/argument.cpp.o[0m
[ 35%] [32mBuilding CXX object CMakeFiles/checker.dir/src/checker/main.cpp.o[0m
[ 47%] [32mBuilding CXX object gtest/CMakeFiles/gtest.dir/src/gtest-all.cc.o[0m
[ 47%] [32mBuilding CXX object CMakeFiles/operator.dir/src/arithmetic/operator.cpp.o[0m
[ 52%] [32m[1mLinking CXX static library libgtest_main.a[0m
[ 52%] Built target gtest_main
[ 58%] [32m[1mLinking CXX static library libgtest.a[0m
[ 58%] Built target gtest
[ 64%] [32mBuilding CXX object test/CMakeFiles/test_calculator.dir/test_calculator.cpp.o[0m
[ 70%] [32mBuilding CXX object test/CMakeFiles/test_calculator.dir/__/src/calculator/calculator.cpp.o[0m
[ 76%] [32m[1mLinking CXX executable operator[0m
[ 76%] Built target operator
[ 82%] [32m[1mLinking CXX executable argument[0m
[ 82%] Built target argument
[ 88%] [32m[1mLinking CXX executable calculator[0m
[ 88%] Built target calculator
[ 94%] [32m[1mLinking CXX executable test_calculator[0m
[ 94%] Built target test_calculator
