[0.022s] Invoking command in '/home/minipin/ros2-study/robot_dj/build/topic_service_action_rclcpp_example': AMENT_PREFIX_PATH=/home/minipin/ros2-study/robot_dj/install/msg_srv_action_interface_example:${AMENT_PREFIX_PATH} CMAKE_PREFIX_PATH=/home/minipin/ros2-study/robot_dj/install/msg_srv_action_interface_example:/opt/ros/humble LD_LIBRARY_PATH=/home/minipin/ros2-study/robot_dj/install/msg_srv_action_interface_example/lib:${LD_LIBRARY_PATH} PYTHONPATH=/home/minipin/ros2-study/robot_dj/install/msg_srv_action_interface_example/local/lib/python3.10/dist-packages:${PYTHONPATH} /usr/bin/cmake /home/minipin/ros2-study/robot_dj/src/ros2-seminar-examples/topic_service_action_rclcpp_example -DAMENT_CMAKE_SYMLINK_INSTALL=1 -DCMAKE_INSTALL_PREFIX=/home/minipin/ros2-study/robot_dj/install/topic_service_action_rclcpp_example
[0.086s] -- The C compiler identification is GNU 11.3.0
[0.140s] -- The CXX compiler identification is GNU 11.3.0
[0.147s] -- Detecting C compiler ABI info
[0.193s] -- Detecting C compiler ABI info - done
[0.198s] -- Check for working C compiler: /usr/bin/cc - skipped
[0.199s] -- Detecting C compile features
[0.199s] -- Detecting C compile features - done
[0.201s] -- Detecting CXX compiler ABI info
[0.257s] -- Detecting CXX compiler ABI info - done
[0.263s] -- Check for working CXX compiler: /usr/bin/c++ - skipped
[0.265s] -- Detecting CXX compile features
[0.266s] -- Detecting CXX compile features - done
[0.266s] -- Found ament_cmake: 1.3.3 (/opt/ros/humble/share/ament_cmake/cmake)
[0.419s] -- Found Python3: /usr/bin/python3.10 (found version "3.10.6") found components: Interpreter 
[0.464s] -- Override CMake install command with custom implementation using symlinks instead of copying resources
[0.485s] -- Found msg_srv_action_interface_example: 0.6.0 (/home/minipin/ros2-study/robot_dj/install/msg_srv_action_interface_example/share/msg_srv_action_interface_example/cmake)
[0.521s] -- Found rosidl_generator_c: 3.1.4 (/opt/ros/humble/share/rosidl_generator_c/cmake)
[0.525s] -- Found rosidl_adapter: 3.1.4 (/opt/ros/humble/share/rosidl_adapter/cmake)
[0.534s] -- Found rosidl_generator_cpp: 3.1.4 (/opt/ros/humble/share/rosidl_generator_cpp/cmake)
[0.550s] -- Using all available rosidl_typesupport_c: rosidl_typesupport_fastrtps_c;rosidl_typesupport_introspection_c
[0.572s] -- Using all available rosidl_typesupport_cpp: rosidl_typesupport_fastrtps_cpp;rosidl_typesupport_introspection_cpp
[0.765s] -- Found rclcpp: 16.0.3 (/opt/ros/humble/share/rclcpp/cmake)
[0.832s] -- Found rmw_implementation_cmake: 6.1.1 (/opt/ros/humble/share/rmw_implementation_cmake/cmake)
[0.842s] -- Found rmw_fastrtps_cpp: 6.2.2 (/opt/ros/humble/share/rmw_fastrtps_cpp/cmake)
[0.931s] -- Found OpenSSL: /usr/lib/x86_64-linux-gnu/libcrypto.so (found version "3.0.2")  
[0.961s] -- Found FastRTPS: /opt/ros/humble/include  
[0.999s] -- Using RMW implementation 'rmw_fastrtps_cpp' as default
[1.005s] -- Looking for pthread.h
[1.056s] -- Looking for pthread.h - found
[1.057s] -- Performing Test CMAKE_HAVE_LIBC_PTHREAD
[1.105s] -- Performing Test CMAKE_HAVE_LIBC_PTHREAD - Success
[1.105s] -- Found Threads: TRUE  
[1.220s] -- Found rclcpp_action: 16.0.3 (/opt/ros/humble/share/rclcpp_action/cmake)
[1.244s] -- Found ament_lint_auto: 0.12.5 (/opt/ros/humble/share/ament_lint_auto/cmake)
[1.307s] -- Found ament_cmake_gtest: 1.3.3 (/opt/ros/humble/share/ament_cmake_gtest/cmake)
[1.309s] -- Found gtest sources under '/opt/ros/humble/src/gtest_vendor': C++ tests using 'Google Test' will be built
[1.315s] -- Added test 'copyright' to check source files copyright and LICENSE
[1.316s] -- Added test 'cppcheck' to perform static code analysis on C / C++ code
[1.316s] -- Configured cppcheck include dirs: /home/minipin/ros2-study/robot_dj/src/ros2-seminar-examples/topic_service_action_rclcpp_example/include
[1.316s] -- Configured cppcheck exclude dirs and/or files: 
[1.317s] -- Added test 'cpplint' to check C / C++ code against the Google style
[1.317s] -- Configured cpplint exclude dirs and/or files: 
[1.317s] -- Added test 'flake8' to check Python code syntax and style conventions
[1.318s] -- Added test 'lint_cmake' to check CMake code style
[1.318s] -- Added test 'pep257' to check Python code against some of the docstring style conventions in PEP 257
[1.319s] -- Added test 'uncrustify' to check C / C++ code style
[1.319s] -- Configured uncrustify additional arguments: 
[1.319s] -- Added test 'xmllint' to check XML markup files
[1.320s] -- Configuring done
[1.337s] -- Generating done
[1.339s] -- Build files have been written to: /home/minipin/ros2-study/robot_dj/build/topic_service_action_rclcpp_example
