[0.022s] Invoking command in '/home/minipin/ros2-study/robot_dj/build/topic_service_action_rclcpp_example': CMAKE_PREFIX_PATH=/home/minipin/ros2-study/robot_dj/install/msg_srv_action_interface_example:/home/minipin/ros2-study/robot_dj/install/topic_service_action_rclcpp_example:/home/minipin/ros2-study/robot_dj/install/testbot_description:/home/minipin/ros2-study/robot_dj/install/rqt_example:/home/minipin/ros2-study/robot_dj/install/time_rclpy_example:/home/minipin/ros2-study/robot_dj/install/tf2_rclpy_example:/home/minipin/ros2-study/robot_dj/install/ros2env:/home/minipin/ros2-study/robot_dj/install/my_first_ros_rclpy_pkg:/home/minipin/ros2-study/robot_dj/install/logging_rclpy_example:/opt/ros/humble /usr/bin/cmake --build /home/minipin/ros2-study/robot_dj/build/topic_service_action_rclcpp_example -- -j8 -l8
[0.146s] [35m[1mConsolidate compiler generated dependencies of target checker[0m
[0.150s] [ 11%] Built target argument
[0.153s] [ 47%] Built target gtest_main
[0.153s] [ 47%] Built target gtest
[0.153s] [ 47%] Built target operator
[0.155s] [ 64%] Built target calculator
[0.162s] [ 82%] Built target checker
[0.175s] [100%] Built target test_calculator
[0.182s] Invoked command in '/home/minipin/ros2-study/robot_dj/build/topic_service_action_rclcpp_example' returned '0': CMAKE_PREFIX_PATH=/home/minipin/ros2-study/robot_dj/install/msg_srv_action_interface_example:/home/minipin/ros2-study/robot_dj/install/topic_service_action_rclcpp_example:/home/minipin/ros2-study/robot_dj/install/testbot_description:/home/minipin/ros2-study/robot_dj/install/rqt_example:/home/minipin/ros2-study/robot_dj/install/time_rclpy_example:/home/minipin/ros2-study/robot_dj/install/tf2_rclpy_example:/home/minipin/ros2-study/robot_dj/install/ros2env:/home/minipin/ros2-study/robot_dj/install/my_first_ros_rclpy_pkg:/home/minipin/ros2-study/robot_dj/install/logging_rclpy_example:/opt/ros/humble /usr/bin/cmake --build /home/minipin/ros2-study/robot_dj/build/topic_service_action_rclcpp_example -- -j8 -l8
[0.209s] Invoking command in '/home/minipin/ros2-study/robot_dj/build/topic_service_action_rclcpp_example': CMAKE_PREFIX_PATH=/home/minipin/ros2-study/robot_dj/install/msg_srv_action_interface_example:/home/minipin/ros2-study/robot_dj/install/topic_service_action_rclcpp_example:/home/minipin/ros2-study/robot_dj/install/testbot_description:/home/minipin/ros2-study/robot_dj/install/rqt_example:/home/minipin/ros2-study/robot_dj/install/time_rclpy_example:/home/minipin/ros2-study/robot_dj/install/tf2_rclpy_example:/home/minipin/ros2-study/robot_dj/install/ros2env:/home/minipin/ros2-study/robot_dj/install/my_first_ros_rclpy_pkg:/home/minipin/ros2-study/robot_dj/install/logging_rclpy_example:/opt/ros/humble /usr/bin/cmake --install /home/minipin/ros2-study/robot_dj/build/topic_service_action_rclcpp_example
[0.215s] -- Install configuration: ""
[0.216s] -- Execute custom install script
[0.216s] -- Up-to-date symlink: /home/minipin/ros2-study/robot_dj/install/topic_service_action_rclcpp_example/lib/topic_service_action_rclcpp_example/argument
[0.216s] -- Up-to-date symlink: /home/minipin/ros2-study/robot_dj/install/topic_service_action_rclcpp_example/lib/topic_service_action_rclcpp_example/calculator
[0.217s] -- Up-to-date symlink: /home/minipin/ros2-study/robot_dj/install/topic_service_action_rclcpp_example/lib/topic_service_action_rclcpp_example/checker
[0.217s] -- Up-to-date symlink: /home/minipin/ros2-study/robot_dj/install/topic_service_action_rclcpp_example/lib/topic_service_action_rclcpp_example/operator
[0.217s] -- Up-to-date symlink: /home/minipin/ros2-study/robot_dj/install/topic_service_action_rclcpp_example/share/topic_service_action_rclcpp_example/launch/arithmetic.launch.py
[0.217s] -- Up-to-date symlink: /home/minipin/ros2-study/robot_dj/install/topic_service_action_rclcpp_example/share/topic_service_action_rclcpp_example/param/arithmetic_config.yaml
[0.217s] -- Up-to-date symlink: /home/minipin/ros2-study/robot_dj/install/topic_service_action_rclcpp_example/share/ament_index/resource_index/package_run_dependencies/topic_service_action_rclcpp_example
[0.217s] -- Up-to-date symlink: /home/minipin/ros2-study/robot_dj/install/topic_service_action_rclcpp_example/share/ament_index/resource_index/parent_prefix_path/topic_service_action_rclcpp_example
[0.217s] -- Up-to-date symlink: /home/minipin/ros2-study/robot_dj/install/topic_service_action_rclcpp_example/share/topic_service_action_rclcpp_example/environment/ament_prefix_path.sh
[0.217s] -- Up-to-date symlink: /home/minipin/ros2-study/robot_dj/install/topic_service_action_rclcpp_example/share/topic_service_action_rclcpp_example/environment/ament_prefix_path.dsv
[0.217s] -- Up-to-date symlink: /home/minipin/ros2-study/robot_dj/install/topic_service_action_rclcpp_example/share/topic_service_action_rclcpp_example/environment/path.sh
[0.218s] -- Up-to-date symlink: /home/minipin/ros2-study/robot_dj/install/topic_service_action_rclcpp_example/share/topic_service_action_rclcpp_example/environment/path.dsv
[0.218s] -- Up-to-date symlink: /home/minipin/ros2-study/robot_dj/install/topic_service_action_rclcpp_example/share/topic_service_action_rclcpp_example/local_setup.bash
[0.218s] -- Up-to-date symlink: /home/minipin/ros2-study/robot_dj/install/topic_service_action_rclcpp_example/share/topic_service_action_rclcpp_example/local_setup.sh
[0.218s] -- Up-to-date symlink: /home/minipin/ros2-study/robot_dj/install/topic_service_action_rclcpp_example/share/topic_service_action_rclcpp_example/local_setup.zsh
[0.218s] -- Up-to-date symlink: /home/minipin/ros2-study/robot_dj/install/topic_service_action_rclcpp_example/share/topic_service_action_rclcpp_example/local_setup.dsv
[0.218s] -- Symlinking: /home/minipin/ros2-study/robot_dj/install/topic_service_action_rclcpp_example/share/topic_service_action_rclcpp_example/package.dsv
[0.223s] -- Up-to-date symlink: /home/minipin/ros2-study/robot_dj/install/topic_service_action_rclcpp_example/share/ament_index/resource_index/packages/topic_service_action_rclcpp_example
[0.223s] -- Up-to-date symlink: /home/minipin/ros2-study/robot_dj/install/topic_service_action_rclcpp_example/share/topic_service_action_rclcpp_example/cmake/topic_service_action_rclcpp_exampleConfig.cmake
[0.223s] -- Up-to-date symlink: /home/minipin/ros2-study/robot_dj/install/topic_service_action_rclcpp_example/share/topic_service_action_rclcpp_example/cmake/topic_service_action_rclcpp_exampleConfig-version.cmake
[0.223s] -- Up-to-date symlink: /home/minipin/ros2-study/robot_dj/install/topic_service_action_rclcpp_example/share/topic_service_action_rclcpp_example/package.xml
[0.226s] Invoked command in '/home/minipin/ros2-study/robot_dj/build/topic_service_action_rclcpp_example' returned '0': CMAKE_PREFIX_PATH=/home/minipin/ros2-study/robot_dj/install/msg_srv_action_interface_example:/home/minipin/ros2-study/robot_dj/install/topic_service_action_rclcpp_example:/home/minipin/ros2-study/robot_dj/install/testbot_description:/home/minipin/ros2-study/robot_dj/install/rqt_example:/home/minipin/ros2-study/robot_dj/install/time_rclpy_example:/home/minipin/ros2-study/robot_dj/install/tf2_rclpy_example:/home/minipin/ros2-study/robot_dj/install/ros2env:/home/minipin/ros2-study/robot_dj/install/my_first_ros_rclpy_pkg:/home/minipin/ros2-study/robot_dj/install/logging_rclpy_example:/opt/ros/humble /usr/bin/cmake --install /home/minipin/ros2-study/robot_dj/build/topic_service_action_rclcpp_example
