[0.014s] Invoking command in '/home/minipin/ros2-study/robot_dj/build/my_first_ros_rclcpp_pkg': CMAKE_PREFIX_PATH=${CMAKE_PREFIX_PATH}:/opt/ros/humble /usr/bin/cmake /home/minipin/ros2-study/robot_dj/src/my_first_ros_rclcpp_pkg -DCMAKE_BUILD_TYPE=Debug -DCMAKE_INSTALL_PREFIX=/home/minipin/ros2-study/robot_dj/install/my_first_ros_rclcpp_pkg
[0.026s] -- Found ament_cmake: 1.3.3 (/opt/ros/humble/share/ament_cmake/cmake)
[0.129s] -- Override CMake install command with custom implementation using symlinks instead of copying resources
[0.137s] -- Found rclcpp: 16.0.3 (/opt/ros/humble/share/rclcpp/cmake)
[0.159s] -- Found rosidl_generator_c: 3.1.4 (/opt/ros/humble/share/rosidl_generator_c/cmake)
[0.161s] -- Found rosidl_adapter: 3.1.4 (/opt/ros/humble/share/rosidl_adapter/cmake)
[0.165s] -- Found rosidl_generator_cpp: 3.1.4 (/opt/ros/humble/share/rosidl_generator_cpp/cmake)
[0.173s] -- Using all available rosidl_typesupport_c: rosidl_typesupport_fastrtps_c;rosidl_typesupport_introspection_c
[0.183s] -- Using all available rosidl_typesupport_cpp: rosidl_typesupport_fastrtps_cpp;rosidl_typesupport_introspection_cpp
[0.225s] -- Found rmw_implementation_cmake: 6.1.1 (/opt/ros/humble/share/rmw_implementation_cmake/cmake)
[0.226s] -- Found rmw_fastrtps_cpp: 6.2.2 (/opt/ros/humble/share/rmw_fastrtps_cpp/cmake)
[0.318s] -- Using RMW implementation 'rmw_fastrtps_cpp' as default
[0.436s] -- Found ament_lint_auto: 0.12.5 (/opt/ros/humble/share/ament_lint_auto/cmake)
[0.494s] -- Added test 'copyright' to check source files copyright and LICENSE
[0.501s] -- Added test 'cppcheck' to perform static code analysis on C / C++ code
[0.501s] -- Configured cppcheck include dirs: 
[0.501s] -- Configured cppcheck exclude dirs and/or files: 
[0.506s] -- Added test 'cpplint' to check C / C++ code against the Google style
[0.506s] -- Configured cpplint exclude dirs and/or files: 
[0.507s] -- Added test 'flake8' to check Python code syntax and style conventions
[0.508s] -- Added test 'lint_cmake' to check CMake code style
[0.509s] -- Added test 'pep257' to check Python code against some of the docstring style conventions in PEP 257
[0.512s] -- Added test 'uncrustify' to check C / C++ code style
[0.513s] -- Configured uncrustify additional arguments: 
[0.513s] -- Added test 'xmllint' to check XML markup files
[0.516s] -- Configuring done
[0.538s] -- Generating done
[0.539s] -- Build files have been written to: /home/minipin/ros2-study/robot_dj/build/my_first_ros_rclcpp_pkg
[0.546s] Invoked command in '/home/minipin/ros2-study/robot_dj/build/my_first_ros_rclcpp_pkg' returned '0': CMAKE_PREFIX_PATH=${CMAKE_PREFIX_PATH}:/opt/ros/humble /usr/bin/cmake /home/minipin/ros2-study/robot_dj/src/my_first_ros_rclcpp_pkg -DCMAKE_BUILD_TYPE=Debug -DCMAKE_INSTALL_PREFIX=/home/minipin/ros2-study/robot_dj/install/my_first_ros_rclcpp_pkg
[0.549s] Invoking command in '/home/minipin/ros2-study/robot_dj/build/my_first_ros_rclcpp_pkg': CMAKE_PREFIX_PATH=${CMAKE_PREFIX_PATH}:/opt/ros/humble /usr/bin/cmake --build /home/minipin/ros2-study/robot_dj/build/my_first_ros_rclcpp_pkg -- -j8 -l8
[0.578s] [35m[1mConsolidate compiler generated dependencies of target hellodongjun_subscriber[0m
[0.578s] [35m[1mConsolidate compiler generated dependencies of target hellodongjun_publisher[0m
[0.591s] [ 25%] [32mBuilding CXX object CMakeFiles/hellodongjun_subscriber.dir/src/hellodongjun_subscriber.cpp.o[0m
[0.594s] [ 50%] [32mBuilding CXX object CMakeFiles/hellodongjun_publisher.dir/src/hellodongjun_publisher.cpp.o[0m
[6.689s] [ 75%] [32m[1mLinking CXX executable hellodongjun_publisher[0m
[6.857s] [ 75%] Built target hellodongjun_publisher
[10.454s] [100%] [32m[1mLinking CXX executable hellodongjun_subscriber[0m
[10.820s] [100%] Built target hellodongjun_subscriber
[10.828s] Invoked command in '/home/minipin/ros2-study/robot_dj/build/my_first_ros_rclcpp_pkg' returned '0': CMAKE_PREFIX_PATH=${CMAKE_PREFIX_PATH}:/opt/ros/humble /usr/bin/cmake --build /home/minipin/ros2-study/robot_dj/build/my_first_ros_rclcpp_pkg -- -j8 -l8
[10.848s] Invoking command in '/home/minipin/ros2-study/robot_dj/build/my_first_ros_rclcpp_pkg': CMAKE_PREFIX_PATH=${CMAKE_PREFIX_PATH}:/opt/ros/humble /usr/bin/cmake --install /home/minipin/ros2-study/robot_dj/build/my_first_ros_rclcpp_pkg
[10.852s] -- Install configuration: "Debug"
[10.852s] -- Execute custom install script
[10.852s] -- Up-to-date symlink: /home/minipin/ros2-study/robot_dj/install/my_first_ros_rclcpp_pkg/lib/my_first_ros_rclcpp_pkg/hellodongjun_publisher
[10.852s] -- Up-to-date symlink: /home/minipin/ros2-study/robot_dj/install/my_first_ros_rclcpp_pkg/lib/my_first_ros_rclcpp_pkg/hellodongjun_subscriber
[10.852s] -- Up-to-date symlink: /home/minipin/ros2-study/robot_dj/install/my_first_ros_rclcpp_pkg/share/ament_index/resource_index/package_run_dependencies/my_first_ros_rclcpp_pkg
[10.852s] -- Up-to-date symlink: /home/minipin/ros2-study/robot_dj/install/my_first_ros_rclcpp_pkg/share/ament_index/resource_index/parent_prefix_path/my_first_ros_rclcpp_pkg
[10.853s] -- Up-to-date symlink: /home/minipin/ros2-study/robot_dj/install/my_first_ros_rclcpp_pkg/share/my_first_ros_rclcpp_pkg/environment/ament_prefix_path.sh
[10.853s] -- Up-to-date symlink: /home/minipin/ros2-study/robot_dj/install/my_first_ros_rclcpp_pkg/share/my_first_ros_rclcpp_pkg/environment/ament_prefix_path.dsv
[10.853s] -- Up-to-date symlink: /home/minipin/ros2-study/robot_dj/install/my_first_ros_rclcpp_pkg/share/my_first_ros_rclcpp_pkg/environment/path.sh
[10.853s] -- Up-to-date symlink: /home/minipin/ros2-study/robot_dj/install/my_first_ros_rclcpp_pkg/share/my_first_ros_rclcpp_pkg/environment/path.dsv
[10.853s] -- Up-to-date symlink: /home/minipin/ros2-study/robot_dj/install/my_first_ros_rclcpp_pkg/share/my_first_ros_rclcpp_pkg/local_setup.bash
[10.853s] -- Up-to-date symlink: /home/minipin/ros2-study/robot_dj/install/my_first_ros_rclcpp_pkg/share/my_first_ros_rclcpp_pkg/local_setup.sh
[10.853s] -- Up-to-date symlink: /home/minipin/ros2-study/robot_dj/install/my_first_ros_rclcpp_pkg/share/my_first_ros_rclcpp_pkg/local_setup.zsh
[10.853s] -- Up-to-date symlink: /home/minipin/ros2-study/robot_dj/install/my_first_ros_rclcpp_pkg/share/my_first_ros_rclcpp_pkg/local_setup.dsv
[10.853s] -- Symlinking: /home/minipin/ros2-study/robot_dj/install/my_first_ros_rclcpp_pkg/share/my_first_ros_rclcpp_pkg/package.dsv
[10.858s] -- Up-to-date symlink: /home/minipin/ros2-study/robot_dj/install/my_first_ros_rclcpp_pkg/share/ament_index/resource_index/packages/my_first_ros_rclcpp_pkg
[10.858s] -- Up-to-date symlink: /home/minipin/ros2-study/robot_dj/install/my_first_ros_rclcpp_pkg/share/my_first_ros_rclcpp_pkg/cmake/my_first_ros_rclcpp_pkgConfig.cmake
[10.858s] -- Up-to-date symlink: /home/minipin/ros2-study/robot_dj/install/my_first_ros_rclcpp_pkg/share/my_first_ros_rclcpp_pkg/cmake/my_first_ros_rclcpp_pkgConfig-version.cmake
[10.859s] -- Up-to-date symlink: /home/minipin/ros2-study/robot_dj/install/my_first_ros_rclcpp_pkg/share/my_first_ros_rclcpp_pkg/package.xml
[10.864s] Invoked command in '/home/minipin/ros2-study/robot_dj/build/my_first_ros_rclcpp_pkg' returned '0': CMAKE_PREFIX_PATH=${CMAKE_PREFIX_PATH}:/opt/ros/humble /usr/bin/cmake --install /home/minipin/ros2-study/robot_dj/build/my_first_ros_rclcpp_pkg
