running develop
/usr/lib/python3/dist-packages/setuptools/command/easy_install.py:158: EasyInstallDeprecationWarning: easy_install command is deprecated. Use build and pip and other standards-based tools.
  warnings.warn(
/usr/lib/python3/dist-packages/setuptools/command/install.py:34: SetuptoolsDeprecationWarning: setup.py install is deprecated. Use build and pip and other standards-based tools.
  warnings.warn(
/usr/lib/python3/dist-packages/pkg_resources/__init__.py:116: PkgResourcesDeprecationWarning: 1.16.0-unknown is an invalid version and will not be supported in a future release
  warnings.warn(
/usr/lib/python3/dist-packages/pkg_resources/__init__.py:116: PkgResourcesDeprecationWarning: 0.1.43ubuntu1 is an invalid version and will not be supported in a future release
  warnings.warn(
/usr/lib/python3/dist-packages/pkg_resources/__init__.py:116: PkgResourcesDeprecationWarning: 1.1build1 is an invalid version and will not be supported in a future release
  warnings.warn(
running egg_info
creating my_first_ros_rclpy_pkg.egg-info
writing my_first_ros_rclpy_pkg.egg-info/PKG-INFO
writing dependency_links to my_first_ros_rclpy_pkg.egg-info/dependency_links.txt
writing entry points to my_first_ros_rclpy_pkg.egg-info/entry_points.txt
writing requirements to my_first_ros_rclpy_pkg.egg-info/requires.txt
writing top-level names to my_first_ros_rclpy_pkg.egg-info/top_level.txt
writing manifest file 'my_first_ros_rclpy_pkg.egg-info/SOURCES.txt'
reading manifest file 'my_first_ros_rclpy_pkg.egg-info/SOURCES.txt'
writing manifest file 'my_first_ros_rclpy_pkg.egg-info/SOURCES.txt'
running build_ext
Creating /home/minipin/ros2-study/robot_dj/install/my_first_ros_rclpy_pkg/lib/python3.10/site-packages/my-first-ros-rclpy-pkg.egg-link (link to .)
Installing helloworld_publisher script to /home/minipin/ros2-study/robot_dj/install/my_first_ros_rclpy_pkg/lib/my_first_ros_rclpy_pkg
Installing helloworld_subscriber script to /home/minipin/ros2-study/robot_dj/install/my_first_ros_rclpy_pkg/lib/my_first_ros_rclpy_pkg

Installed /home/minipin/ros2-study/robot_dj/build/my_first_ros_rclpy_pkg
running install_data
creating /home/minipin/ros2-study/robot_dj/install/my_first_ros_rclpy_pkg/share/ament_index
creating /home/minipin/ros2-study/robot_dj/install/my_first_ros_rclpy_pkg/share/ament_index/resource_index
creating /home/minipin/ros2-study/robot_dj/install/my_first_ros_rclpy_pkg/share/ament_index/resource_index/packages
copying resource/my_first_ros_rclpy_pkg -> /home/minipin/ros2-study/robot_dj/install/my_first_ros_rclpy_pkg/share/ament_index/resource_index/packages
copying package.xml -> /home/minipin/ros2-study/robot_dj/install/my_first_ros_rclpy_pkg/share/my_first_ros_rclpy_pkg
