[1.025s] Invoking command in '/home/minipin/ros2-study/robot_dj/build/my_first_ros_rclpy_pkg': PYTHONPATH=/home/minipin/ros2-study/robot_dj/build/my_first_ros_rclpy_pkg/prefix_override:/home/minipin/ros2-study/robot_dj/install/my_first_ros_rclpy_pkg/lib/python3.10/site-packages:${PYTHONPATH} /usr/bin/python3 setup.py develop --editable --build-directory /home/minipin/ros2-study/robot_dj/build/my_first_ros_rclpy_pkg/build --no-deps install_data
[1.349s] running develop
[1.351s] /usr/lib/python3/dist-packages/setuptools/command/easy_install.py:158: EasyInstallDeprecationWarning: easy_install command is deprecated. Use build and pip and other standards-based tools.
[1.351s]   warnings.warn(
[1.354s] /usr/lib/python3/dist-packages/setuptools/command/install.py:34: SetuptoolsDeprecationWarning: setup.py install is deprecated. Use build and pip and other standards-based tools.
[1.354s]   warnings.warn(
[1.415s] /usr/lib/python3/dist-packages/pkg_resources/__init__.py:116: PkgResourcesDeprecationWarning: 1.16.0-unknown is an invalid version and will not be supported in a future release
[1.415s]   warnings.warn(
[1.415s] /usr/lib/python3/dist-packages/pkg_resources/__init__.py:116: PkgResourcesDeprecationWarning: 0.1.43ubuntu1 is an invalid version and will not be supported in a future release
[1.415s]   warnings.warn(
[1.416s] /usr/lib/python3/dist-packages/pkg_resources/__init__.py:116: PkgResourcesDeprecationWarning: 1.1build1 is an invalid version and will not be supported in a future release
[1.416s]   warnings.warn(
[1.535s] running egg_info
[1.535s] creating my_first_ros_rclpy_pkg.egg-info
[1.535s] writing my_first_ros_rclpy_pkg.egg-info/PKG-INFO
[1.536s] writing dependency_links to my_first_ros_rclpy_pkg.egg-info/dependency_links.txt
[1.536s] writing entry points to my_first_ros_rclpy_pkg.egg-info/entry_points.txt
[1.536s] writing requirements to my_first_ros_rclpy_pkg.egg-info/requires.txt
[1.536s] writing top-level names to my_first_ros_rclpy_pkg.egg-info/top_level.txt
[1.536s] writing manifest file 'my_first_ros_rclpy_pkg.egg-info/SOURCES.txt'
[1.536s] reading manifest file 'my_first_ros_rclpy_pkg.egg-info/SOURCES.txt'
[1.537s] writing manifest file 'my_first_ros_rclpy_pkg.egg-info/SOURCES.txt'
[1.539s] running build_ext
[1.539s] Creating /home/minipin/ros2-study/robot_dj/install/my_first_ros_rclpy_pkg/lib/python3.10/site-packages/my-first-ros-rclpy-pkg.egg-link (link to .)
[1.540s] Installing helloworld_publisher script to /home/minipin/ros2-study/robot_dj/install/my_first_ros_rclpy_pkg/lib/my_first_ros_rclpy_pkg
[1.540s] Installing helloworld_subscriber script to /home/minipin/ros2-study/robot_dj/install/my_first_ros_rclpy_pkg/lib/my_first_ros_rclpy_pkg
[1.540s] 
[1.540s] Installed /home/minipin/ros2-study/robot_dj/build/my_first_ros_rclpy_pkg
[1.540s] running install_data
[1.540s] creating /home/minipin/ros2-study/robot_dj/install/my_first_ros_rclpy_pkg/share/ament_index
[1.540s] creating /home/minipin/ros2-study/robot_dj/install/my_first_ros_rclpy_pkg/share/ament_index/resource_index
[1.540s] creating /home/minipin/ros2-study/robot_dj/install/my_first_ros_rclpy_pkg/share/ament_index/resource_index/packages
[1.540s] copying resource/my_first_ros_rclpy_pkg -> /home/minipin/ros2-study/robot_dj/install/my_first_ros_rclpy_pkg/share/ament_index/resource_index/packages
[1.541s] copying package.xml -> /home/minipin/ros2-study/robot_dj/install/my_first_ros_rclpy_pkg/share/my_first_ros_rclpy_pkg
[1.591s] Invoked command in '/home/minipin/ros2-study/robot_dj/build/my_first_ros_rclpy_pkg' returned '0': PYTHONPATH=/home/minipin/ros2-study/robot_dj/build/my_first_ros_rclpy_pkg/prefix_override:/home/minipin/ros2-study/robot_dj/install/my_first_ros_rclpy_pkg/lib/python3.10/site-packages:${PYTHONPATH} /usr/bin/python3 setup.py develop --editable --build-directory /home/minipin/ros2-study/robot_dj/build/my_first_ros_rclpy_pkg/build --no-deps install_data
