[35m[1mConsolidate compiler generated dependencies of target checker[0m
[ 11%] Built target gtest
[ 23%] Built target gtest_main
[ 35%] Built target operator
[ 52%] Built target calculator
[ 64%] Built target argument
[ 70%] [32mBuilding CXX object CMakeFiles/checker.dir/src/checker/main.cpp.o[0m
[ 76%] [32mBuilding CXX object CMakeFiles/checker.dir/src/checker/checker.cpp.o[0m
[ 94%] Built target test_calculator
[100%] [32m[1mLinking CXX executable checker[0m
[100%] Built target checker
-- Install configuration: ""
-- Execute custom install script
-- Symlinking: /home/minipin/ros2-study/robot_dj/install/topic_service_action_rclcpp_example/lib/topic_service_action_rclcpp_example/argument
-- Symlinking: /home/minipin/ros2-study/robot_dj/install/topic_service_action_rclcpp_example/lib/topic_service_action_rclcpp_example/calculator
-- Symlinking: /home/minipin/ros2-study/robot_dj/install/topic_service_action_rclcpp_example/lib/topic_service_action_rclcpp_example/checker
-- Symlinking: /home/minipin/ros2-study/robot_dj/install/topic_service_action_rclcpp_example/lib/topic_service_action_rclcpp_example/operator
-- Symlinking: /home/minipin/ros2-study/robot_dj/install/topic_service_action_rclcpp_example/share/topic_service_action_rclcpp_example/launch/arithmetic.launch.py
-- Symlinking: /home/minipin/ros2-study/robot_dj/install/topic_service_action_rclcpp_example/share/topic_service_action_rclcpp_example/param/arithmetic_config.yaml
-- Symlinking: /home/minipin/ros2-study/robot_dj/install/topic_service_action_rclcpp_example/share/ament_index/resource_index/package_run_dependencies/topic_service_action_rclcpp_example
-- Symlinking: /home/minipin/ros2-study/robot_dj/install/topic_service_action_rclcpp_example/share/ament_index/resource_index/parent_prefix_path/topic_service_action_rclcpp_example
-- Symlinking: /home/minipin/ros2-study/robot_dj/install/topic_service_action_rclcpp_example/share/topic_service_action_rclcpp_example/environment/ament_prefix_path.sh
-- Symlinking: /home/minipin/ros2-study/robot_dj/install/topic_service_action_rclcpp_example/share/topic_service_action_rclcpp_example/environment/ament_prefix_path.dsv
-- Symlinking: /home/minipin/ros2-study/robot_dj/install/topic_service_action_rclcpp_example/share/topic_service_action_rclcpp_example/environment/path.sh
-- Symlinking: /home/minipin/ros2-study/robot_dj/install/topic_service_action_rclcpp_example/share/topic_service_action_rclcpp_example/environment/path.dsv
-- Symlinking: /home/minipin/ros2-study/robot_dj/install/topic_service_action_rclcpp_example/share/topic_service_action_rclcpp_example/local_setup.bash
-- Symlinking: /home/minipin/ros2-study/robot_dj/install/topic_service_action_rclcpp_example/share/topic_service_action_rclcpp_example/local_setup.sh
-- Symlinking: /home/minipin/ros2-study/robot_dj/install/topic_service_action_rclcpp_example/share/topic_service_action_rclcpp_example/local_setup.zsh
-- Symlinking: /home/minipin/ros2-study/robot_dj/install/topic_service_action_rclcpp_example/share/topic_service_action_rclcpp_example/local_setup.dsv
-- Symlinking: /home/minipin/ros2-study/robot_dj/install/topic_service_action_rclcpp_example/share/topic_service_action_rclcpp_example/package.dsv
-- Symlinking: /home/minipin/ros2-study/robot_dj/install/topic_service_action_rclcpp_example/share/ament_index/resource_index/packages/topic_service_action_rclcpp_example
-- Symlinking: /home/minipin/ros2-study/robot_dj/install/topic_service_action_rclcpp_example/share/topic_service_action_rclcpp_example/cmake/topic_service_action_rclcpp_exampleConfig.cmake
-- Symlinking: /home/minipin/ros2-study/robot_dj/install/topic_service_action_rclcpp_example/share/topic_service_action_rclcpp_example/cmake/topic_service_action_rclcpp_exampleConfig-version.cmake
-- Symlinking: /home/minipin/ros2-study/robot_dj/install/topic_service_action_rclcpp_example/share/topic_service_action_rclcpp_example/package.xml
