[35m[1mConsolidate compiler generated dependencies of target checker[0m
[ 11%] Built target gtest
[ 23%] Built target gtest_main
[ 41%] Built target calculator
[ 52%] Built target argument
[ 64%] Built target operator
[ 70%] [32mBuilding CXX object CMakeFiles/checker.dir/src/checker/checker.cpp.o[0m
[ 88%] Built target test_calculator
[01m[K/home/minipin/ros2-study/robot_dj/src/ros2-seminar-examples/topic_service_action_rclcpp_example/src/checker/checker.cpp:[m[K In member function ‘[01m[Kvoid Checker::send_goal_total_sum(float)[m[K’:
[01m[K/home/minipin/ros2-study/robot_dj/src/ros2-seminar-examples/topic_service_action_rclcpp_example/src/checker/checker.cpp:55:61:[m[K [01;31m[Kerror: [m[Kno match for ‘[01m[Koperator=[m[K’ (operand types are ‘[01m[Krclcpp_action::Client<msg_srv_action_interface_example::action::ArithmeticChecker>::GoalResponseCallback[m[K’ {aka ‘[01m[Kstd::function<void(std::shared_ptr<rclcpp_action::ClientGoalHandle<msg_srv_action_interface_example::action::ArithmeticChecker> >)>[m[K’} and ‘[01m[Kstd::_Bind_helper<false, void (Checker::*)(std::shared_future<std::shared_ptr<rclcpp_action::ClientGoalHandle<msg_srv_action_interface_example::action::ArithmeticChecker> > >), Checker*, const std::_Placeholder<1>&>::type[m[K’)
   55 |     std::bind(&Checker::get_arithmetic_action_goal, this, _1[01;31m[K)[m[K;
      |                                                             [01;31m[K^[m[K
In file included from [01m[K/usr/include/c++/11/functional:59[m[K,
                 from [01m[K/home/minipin/ros2-study/robot_dj/src/ros2-seminar-examples/topic_service_action_rclcpp_example/src/checker/checker.cpp:16[m[K:
[01m[K/usr/include/c++/11/bits/std_function.h:530:9:[m[K [01;36m[Knote: [m[Kcandidate: ‘[01m[Ktemplate<class _Functor> std::function<_Res(_ArgTypes ...)>::_Requires<std::function<_Res(_ArgTypes ...)>::_Callable<_Functor>, std::function<_Res(_ArgTypes ...)>&> std::function<_Res(_ArgTypes ...)>::operator=(_Functor&&) [with _Functor = _Functor; _Res = void; _ArgTypes = {std::shared_ptr<rclcpp_action::ClientGoalHandle<msg_srv_action_interface_example::action::ArithmeticChecker> >}][m[K’
  530 |         [01;36m[Koperator[m[K=(_Functor&& __f)
      |         [01;36m[K^~~~~~~~[m[K
[01m[K/usr/include/c++/11/bits/std_function.h:530:9:[m[K [01;36m[Knote: [m[K  template argument deduction/substitution failed:
In file included from [01m[K/usr/include/c++/11/bits/move.h:57[m[K,
                 from [01m[K/usr/include/c++/11/bits/stl_pair.h:59[m[K,
                 from [01m[K/usr/include/c++/11/bits/stl_algobase.h:64[m[K,
                 from [01m[K/usr/include/c++/11/memory:63[m[K,
                 from [01m[K/home/minipin/ros2-study/robot_dj/src/ros2-seminar-examples/topic_service_action_rclcpp_example/src/checker/checker.cpp:15[m[K:
/usr/include/c++/11/type_traits: In substitution of ‘[01m[Ktemplate<bool _Cond, class _Tp> using __enable_if_t = typename std::enable_if::type [with bool _Cond = false; _Tp = std::function<void(std::shared_ptr<rclcpp_action::ClientGoalHandle<msg_srv_action_interface_example::action::ArithmeticChecker> >)>&][m[K’:
[01m[K/usr/include/c++/11/bits/std_function.h:353:8:[m[K   required by substitution of ‘[01m[Ktemplate<class _Res, class ... _ArgTypes> template<class _Cond, class _Tp> using _Requires = std::__enable_if_t<_Cond::value, _Tp> [with _Cond = std::function<void(std::shared_ptr<rclcpp_action::ClientGoalHandle<msg_srv_action_interface_example::action::ArithmeticChecker> >)>::_Callable<std::_Bind<void (Checker::*(Checker*, std::_Placeholder<1>))(std::shared_future<std::shared_ptr<rclcpp_action::ClientGoalHandle<msg_srv_action_interface_example::action::ArithmeticChecker> > >)>, std::_Bind<void (Checker::*(Checker*, std::_Placeholder<1>))(std::shared_future<std::shared_ptr<rclcpp_action::ClientGoalHandle<msg_srv_action_interface_example::action::ArithmeticChecker> > >)>, std::__invoke_result<std::_Bind<void (Checker::*(Checker*, std::_Placeholder<1>))(std::shared_future<std::shared_ptr<rclcpp_action::ClientGoalHandle<msg_srv_action_interface_example::action::ArithmeticChecker> > >)>&, std::shared_ptr<rclcpp_action::ClientGoalHandle<msg_srv_action_interface_example::action::ArithmeticChecker> > > >; _Tp = std::function<void(std::shared_ptr<rclcpp_action::ClientGoalHandle<msg_srv_action_interface_example::action::ArithmeticChecker> >)>&; _Res = void; _ArgTypes = {std::shared_ptr<rclcpp_action::ClientGoalHandle<msg_srv_action_interface_example::action::ArithmeticChecker> >}][m[K’
[01m[K/usr/include/c++/11/bits/std_function.h:530:2:[m[K   required by substitution of ‘[01m[Ktemplate<class _Functor> std::function<void(std::shared_ptr<rclcpp_action::ClientGoalHandle<msg_srv_action_interface_example::action::ArithmeticChecker> >)>::_Requires<std::function<void(std::shared_ptr<rclcpp_action::ClientGoalHandle<msg_srv_action_interface_example::action::ArithmeticChecker> >)>::_Callable<_Functor, typename std::enable_if<(! std::is_same<typename std::remove_cv<typename std::remove_reference<_Tp>::type>::type, std::function<void(std::shared_ptr<rclcpp_action::ClientGoalHandle<msg_srv_action_interface_example::action::ArithmeticChecker> >)> >::value), std::decay<_Tp> >::type::type, std::__invoke_result<typename std::enable_if<(! std::is_same<typename std::remove_cv<typename std::remove_reference<_Tp>::type>::type, std::function<void(std::shared_ptr<rclcpp_action::ClientGoalHandle<msg_srv_action_interface_example::action::ArithmeticChecker> >)> >::value), std::decay<_Tp> >::type::type&, std::shared_ptr<rclcpp_action::ClientGoalHandle<msg_srv_action_interface_example::action::ArithmeticChecker> > > >, std::function<void(std::shared_ptr<rclcpp_action::ClientGoalHandle<msg_srv_action_interface_example::action::ArithmeticChecker> >)>&> std::function<void(std::shared_ptr<rclcpp_action::ClientGoalHandle<msg_srv_action_interface_example::action::ArithmeticChecker> >)>::operator=<_Functor>(_Functor&&) [with _Functor = std::_Bind<void (Checker::*(Checker*, std::_Placeholder<1>))(std::shared_future<std::shared_ptr<rclcpp_action::ClientGoalHandle<msg_srv_action_interface_example::action::ArithmeticChecker> > >)>][m[K’
[01m[K/home/minipin/ros2-study/robot_dj/src/ros2-seminar-examples/topic_service_action_rclcpp_example/src/checker/checker.cpp:55:61:[m[K   required from here
[01m[K/usr/include/c++/11/type_traits:2211:11:[m[K [01;31m[Kerror: [m[Kno type named ‘[01m[Ktype[m[K’ in ‘[01m[Kstruct std::enable_if<false, std::function<void(std::shared_ptr<rclcpp_action::ClientGoalHandle<msg_srv_action_interface_example::action::ArithmeticChecker> >)>&>[m[K’
 2211 |     using [01;31m[K__enable_if_t[m[K = typename enable_if<_Cond, _Tp>::type;
      |           [01;31m[K^~~~~~~~~~~~~[m[K
In file included from [01m[K/usr/include/c++/11/functional:59[m[K,
                 from [01m[K/home/minipin/ros2-study/robot_dj/src/ros2-seminar-examples/topic_service_action_rclcpp_example/src/checker/checker.cpp:16[m[K:
[01m[K/usr/include/c++/11/bits/std_function.h:540:9:[m[K [01;36m[Knote: [m[Kcandidate: ‘[01m[Ktemplate<class _Functor> std::function<_Res(_ArgTypes ...)>& std::function<_Res(_ArgTypes ...)>::operator=(std::reference_wrapper<_Functor>) [with _Functor = _Functor; _Res = void; _ArgTypes = {std::shared_ptr<rclcpp_action::ClientGoalHandle<msg_srv_action_interface_example::action::ArithmeticChecker> >}][m[K’
  540 |         [01;36m[Koperator[m[K=(reference_wrapper<_Functor> __f) noexcept
      |         [01;36m[K^~~~~~~~[m[K
[01m[K/usr/include/c++/11/bits/std_function.h:540:9:[m[K [01;36m[Knote: [m[K  template argument deduction/substitution failed:
[01m[K/home/minipin/ros2-study/robot_dj/src/ros2-seminar-examples/topic_service_action_rclcpp_example/src/checker/checker.cpp:55:61:[m[K [01;36m[Knote: [m[K  ‘[01m[Kstd::_Bind<void (Checker::*(Checker*, std::_Placeholder<1>))(std::shared_future<std::shared_ptr<rclcpp_action::ClientGoalHandle<msg_srv_action_interface_example::action::ArithmeticChecker> > >)>[m[K’ is not derived from ‘[01m[Kstd::reference_wrapper<_Tp>[m[K’
   55 |     std::bind(&Checker::get_arithmetic_action_goal, this, _1[01;36m[K)[m[K;
      |                                                             [01;36m[K^[m[K
In file included from [01m[K/usr/include/c++/11/functional:59[m[K,
                 from [01m[K/home/minipin/ros2-study/robot_dj/src/ros2-seminar-examples/topic_service_action_rclcpp_example/src/checker/checker.cpp:16[m[K:
[01m[K/usr/include/c++/11/bits/std_function.h:469:7:[m[K [01;36m[Knote: [m[Kcandidate: ‘[01m[Kstd::function<_Res(_ArgTypes ...)>& std::function<_Res(_ArgTypes ...)>::operator=(const std::function<_Res(_ArgTypes ...)>&) [with _Res = void; _ArgTypes = {std::shared_ptr<rclcpp_action::ClientGoalHandle<msg_srv_action_interface_example::action::ArithmeticChecker> >}][m[K’
  469 |       [01;36m[Koperator[m[K=(const function& __x)
      |       [01;36m[K^~~~~~~~[m[K
[01m[K/usr/include/c++/11/bits/std_function.h:469:33:[m[K [01;36m[Knote: [m[K  no known conversion for argument 1 from ‘[01m[Kstd::_Bind_helper<false, void (Checker::*)(std::shared_future<std::shared_ptr<rclcpp_action::ClientGoalHandle<msg_srv_action_interface_example::action::ArithmeticChecker> > >), Checker*, const std::_Placeholder<1>&>::type[m[K’ to ‘[01m[Kconst std::function<void(std::shared_ptr<rclcpp_action::ClientGoalHandle<msg_srv_action_interface_example::action::ArithmeticChecker> >)>&[m[K’
  469 |       operator=([01;36m[Kconst function& __x[m[K)
      |                 [01;36m[K~~~~~~~~~~~~~~~~^~~[m[K
[01m[K/usr/include/c++/11/bits/std_function.h:487:7:[m[K [01;36m[Knote: [m[Kcandidate: ‘[01m[Kstd::function<_Res(_ArgTypes ...)>& std::function<_Res(_ArgTypes ...)>::operator=(std::function<_Res(_ArgTypes ...)>&&) [with _Res = void; _ArgTypes = {std::shared_ptr<rclcpp_action::ClientGoalHandle<msg_srv_action_interface_example::action::ArithmeticChecker> >}][m[K’
  487 |       [01;36m[Koperator[m[K=(function&& __x) noexcept
      |       [01;36m[K^~~~~~~~[m[K
[01m[K/usr/include/c++/11/bits/std_function.h:487:28:[m[K [01;36m[Knote: [m[K  no known conversion for argument 1 from ‘[01m[Kstd::_Bind_helper<false, void (Checker::*)(std::shared_future<std::shared_ptr<rclcpp_action::ClientGoalHandle<msg_srv_action_interface_example::action::ArithmeticChecker> > >), Checker*, const std::_Placeholder<1>&>::type[m[K’ to ‘[01m[Kstd::function<void(std::shared_ptr<rclcpp_action::ClientGoalHandle<msg_srv_action_interface_example::action::ArithmeticChecker> >)>&&[m[K’
  487 |       operator=([01;36m[Kfunction&& __x[m[K) noexcept
      |                 [01;36m[K~~~~~~~~~~~^~~[m[K
[01m[K/usr/include/c++/11/bits/std_function.h:501:7:[m[K [01;36m[Knote: [m[Kcandidate: ‘[01m[Kstd::function<_Res(_ArgTypes ...)>& std::function<_Res(_ArgTypes ...)>::operator=(std::nullptr_t) [with _Res = void; _ArgTypes = {std::shared_ptr<rclcpp_action::ClientGoalHandle<msg_srv_action_interface_example::action::ArithmeticChecker> >}; std::nullptr_t = std::nullptr_t][m[K’
  501 |       [01;36m[Koperator[m[K=(nullptr_t) noexcept
      |       [01;36m[K^~~~~~~~[m[K
[01m[K/usr/include/c++/11/bits/std_function.h:501:17:[m[K [01;36m[Knote: [m[K  no known conversion for argument 1 from ‘[01m[Kstd::_Bind_helper<false, void (Checker::*)(std::shared_future<std::shared_ptr<rclcpp_action::ClientGoalHandle<msg_srv_action_interface_example::action::ArithmeticChecker> > >), Checker*, const std::_Placeholder<1>&>::type[m[K’ to ‘[01m[Kstd::nullptr_t[m[K’
  501 |       operator=([01;36m[Knullptr_t[m[K) noexcept
      |                 [01;36m[K^~~~~~~~~[m[K
[01m[K/home/minipin/ros2-study/robot_dj/src/ros2-seminar-examples/topic_service_action_rclcpp_example/src/checker/checker.cpp:[m[K At global scope:
[01m[K/home/minipin/ros2-study/robot_dj/src/ros2-seminar-examples/topic_service_action_rclcpp_example/src/checker/checker.cpp:63:6:[m[K [01;31m[Kerror: [m[Kno declaration matches ‘[01m[Kvoid Checker::get_arithmetic_action_goal(rclcpp_action::ClientGoalHandle<msg_srv_action_interface_example::action::ArithmeticChecker>::SharedPtr)[m[K’
   63 | void [01;31m[KChecker[m[K::get_arithmetic_action_goal(
      |      [01;31m[K^~~~~~~[m[K
In file included from [01m[K/home/minipin/ros2-study/robot_dj/src/ros2-seminar-examples/topic_service_action_rclcpp_example/src/checker/checker.cpp:18[m[K:
[01m[K/home/minipin/ros2-study/robot_dj/src/ros2-seminar-examples/topic_service_action_rclcpp_example/include/checker/checker.hpp:43:8:[m[K [01;36m[Knote: [m[Kcandidate is: ‘[01m[Kvoid Checker::get_arithmetic_action_goal(std::shared_future<std::shared_ptr<rclcpp_action::ClientGoalHandle<msg_srv_action_interface_example::action::ArithmeticChecker> > >)[m[K’
   43 |   void [01;36m[Kget_arithmetic_action_goal[m[K(
      |        [01;36m[K^~~~~~~~~~~~~~~~~~~~~~~~~~[m[K
[01m[K/home/minipin/ros2-study/robot_dj/src/ros2-seminar-examples/topic_service_action_rclcpp_example/include/checker/checker.hpp:29:7:[m[K [01;36m[Knote: [m[K‘[01m[Kclass Checker[m[K’ defined here
   29 | class [01;36m[KChecker[m[K : public rclcpp::Node
      |       [01;36m[K^~~~~~~[m[K
gmake[2]: *** [CMakeFiles/checker.dir/build.make:90: CMakeFiles/checker.dir/src/checker/checker.cpp.o] Error 1
gmake[1]: *** [CMakeFiles/Makefile2:230: CMakeFiles/checker.dir/all] Error 2
gmake: *** [Makefile:146: all] Error 2
