[0.011s] Invoking command in '/home/minipin/ros2-study/robot_dj/build/msg_srv_action_interface_example': CMAKE_PREFIX_PATH=${CMAKE_PREFIX_PATH}:/opt/ros/humble /usr/bin/cmake /home/minipin/ros2-study/robot_dj/src/msg_srv_action_interface_example -DAMENT_CMAKE_SYMLINK_INSTALL=1 -DCMAKE_INSTALL_PREFIX=/home/minipin/ros2-study/robot_dj/install/msg_srv_action_interface_example
[0.018s] -- Found ament_cmake: 1.3.3 (/opt/ros/humble/share/ament_cmake/cmake)
[0.098s] -- Override CMake install command with custom implementation using symlinks instead of copying resources
[0.103s] -- Found builtin_interfaces: 1.2.1 (/opt/ros/humble/share/builtin_interfaces/cmake)
[0.118s] -- Found rosidl_generator_c: 3.1.4 (/opt/ros/humble/share/rosidl_generator_c/cmake)
[0.119s] -- Found rosidl_adapter: 3.1.4 (/opt/ros/humble/share/rosidl_adapter/cmake)
[0.123s] -- Found rosidl_generator_cpp: 3.1.4 (/opt/ros/humble/share/rosidl_generator_cpp/cmake)
[0.130s] -- Using all available rosidl_typesupport_c: rosidl_typesupport_fastrtps_c;rosidl_typesupport_introspection_c
[0.139s] -- Using all available rosidl_typesupport_cpp: rosidl_typesupport_fastrtps_cpp;rosidl_typesupport_introspection_cpp
[0.147s] -- Found rosidl_default_generators: 1.2.0 (/opt/ros/humble/share/rosidl_default_generators/cmake)
[0.349s] -- Found ament_cmake_ros: 0.10.0 (/opt/ros/humble/share/ament_cmake_ros/cmake)
[0.548s] -- Using all available rosidl_typesupport_c: rosidl_typesupport_fastrtps_c;rosidl_typesupport_introspection_c
[0.621s] -- Using all available rosidl_typesupport_cpp: rosidl_typesupport_fastrtps_cpp;rosidl_typesupport_introspection_cpp
[0.634s] -- Found python_cmake_module: 0.10.0 (/opt/ros/humble/share/python_cmake_module/cmake)
[0.648s] -- Using PYTHON_EXECUTABLE: /usr/bin/python3
[0.648s] -- Using PYTHON_INCLUDE_DIRS: /usr/include/python3.10
[0.648s] -- Using PYTHON_LIBRARIES: /usr/lib/x86_64-linux-gnu/libpython3.10.so
[0.665s] -- Configuring done
[0.686s] -- Generating done
[0.688s] -- Build files have been written to: /home/minipin/ros2-study/robot_dj/build/msg_srv_action_interface_example
[0.692s] Invoked command in '/home/minipin/ros2-study/robot_dj/build/msg_srv_action_interface_example' returned '0': CMAKE_PREFIX_PATH=${CMAKE_PREFIX_PATH}:/opt/ros/humble /usr/bin/cmake /home/minipin/ros2-study/robot_dj/src/msg_srv_action_interface_example -DAMENT_CMAKE_SYMLINK_INSTALL=1 -DCMAKE_INSTALL_PREFIX=/home/minipin/ros2-study/robot_dj/install/msg_srv_action_interface_example
[0.693s] Invoking command in '/home/minipin/ros2-study/robot_dj/build/msg_srv_action_interface_example': CMAKE_PREFIX_PATH=${CMAKE_PREFIX_PATH}:/opt/ros/humble /usr/bin/cmake --build /home/minipin/ros2-study/robot_dj/build/msg_srv_action_interface_example -- -j8 -l8
[0.715s] [35m[1mConsolidate compiler generated dependencies of target msg_srv_action_interface_example__rosidl_generator_c[0m
[0.720s] [  2%] Built target msg_srv_action_interface_example__cpp
[0.721s] [ 12%] Built target msg_srv_action_interface_example__rosidl_generator_c
[0.726s] [ 12%] Built target ament_cmake_python_symlink_msg_srv_action_interface_example
[0.728s] [35m[1mConsolidate compiler generated dependencies of target msg_srv_action_interface_example__rosidl_typesupport_fastrtps_cpp[0m
[0.728s] [35m[1mConsolidate compiler generated dependencies of target msg_srv_action_interface_example__rosidl_typesupport_cpp[0m
[0.729s] [35m[1mConsolidate compiler generated dependencies of target msg_srv_action_interface_example__rosidl_typesupport_introspection_cpp[0m
[0.729s] [35m[1mConsolidate compiler generated dependencies of target msg_srv_action_interface_example__rosidl_typesupport_c[0m
[0.729s] [35m[1mConsolidate compiler generated dependencies of target msg_srv_action_interface_example__rosidl_typesupport_fastrtps_c[0m
[0.729s] [35m[1mConsolidate compiler generated dependencies of target msg_srv_action_interface_example__rosidl_typesupport_introspection_c[0m
[0.740s] [ 23%] Built target msg_srv_action_interface_example__rosidl_typesupport_c
[0.740s] [ 34%] Built target msg_srv_action_interface_example__rosidl_typesupport_introspection_c
[0.741s] [ 44%] Built target msg_srv_action_interface_example__rosidl_typesupport_introspection_cpp
[0.741s] [ 55%] Built target msg_srv_action_interface_example__rosidl_typesupport_fastrtps_cpp
[0.742s] [ 65%] Built target msg_srv_action_interface_example__rosidl_typesupport_cpp
[0.743s] [ 76%] Built target msg_srv_action_interface_example__rosidl_typesupport_fastrtps_c
[0.755s] [ 76%] Built target msg_srv_action_interface_example
[0.766s] [ 78%] Built target msg_srv_action_interface_example__py
[0.772s] [35m[1mConsolidate compiler generated dependencies of target msg_srv_action_interface_example__rosidl_generator_py[0m
[0.781s] [ 87%] Built target msg_srv_action_interface_example__rosidl_generator_py
[0.787s] [35m[1mConsolidate compiler generated dependencies of target msg_srv_action_interface_example__rosidl_typesupport_introspection_c__pyext[0m
[0.787s] [35m[1mConsolidate compiler generated dependencies of target msg_srv_action_interface_example__rosidl_typesupport_c__pyext[0m
[0.788s] [35m[1mConsolidate compiler generated dependencies of target msg_srv_action_interface_example__rosidl_typesupport_fastrtps_c__pyext[0m
[0.799s] [ 91%] Built target msg_srv_action_interface_example__rosidl_typesupport_introspection_c__pyext
[0.799s] [ 95%] Built target msg_srv_action_interface_example__rosidl_typesupport_c__pyext
[0.800s] [100%] Built target msg_srv_action_interface_example__rosidl_typesupport_fastrtps_c__pyext
[0.885s] running egg_info
[0.885s] writing msg_srv_action_interface_example.egg-info/PKG-INFO
[0.885s] writing dependency_links to msg_srv_action_interface_example.egg-info/dependency_links.txt
[0.885s] writing top-level names to msg_srv_action_interface_example.egg-info/top_level.txt
[0.887s] reading manifest file 'msg_srv_action_interface_example.egg-info/SOURCES.txt'
[0.887s] writing manifest file 'msg_srv_action_interface_example.egg-info/SOURCES.txt'
[0.903s] [100%] Built target ament_cmake_python_build_msg_srv_action_interface_example_egg
[0.910s] Invoked command in '/home/minipin/ros2-study/robot_dj/build/msg_srv_action_interface_example' returned '0': CMAKE_PREFIX_PATH=${CMAKE_PREFIX_PATH}:/opt/ros/humble /usr/bin/cmake --build /home/minipin/ros2-study/robot_dj/build/msg_srv_action_interface_example -- -j8 -l8
[0.958s] Invoking command in '/home/minipin/ros2-study/robot_dj/build/msg_srv_action_interface_example': CMAKE_PREFIX_PATH=${CMAKE_PREFIX_PATH}:/opt/ros/humble /usr/bin/cmake --install /home/minipin/ros2-study/robot_dj/build/msg_srv_action_interface_example
[0.962s] -- Install configuration: "Debug"
[0.963s] -- Execute custom install script
[0.963s] -- Up-to-date symlink: /home/minipin/ros2-study/robot_dj/install/msg_srv_action_interface_example/share/ament_index/resource_index/rosidl_interfaces/msg_srv_action_interface_example
[0.963s] -- Up-to-date symlink: /home/minipin/ros2-study/robot_dj/install/msg_srv_action_interface_example/include/msg_srv_action_interface_example/msg_srv_action_interface_example/action/arithmetic_checker.h
[0.963s] -- Up-to-date symlink: /home/minipin/ros2-study/robot_dj/install/msg_srv_action_interface_example/include/msg_srv_action_interface_example/msg_srv_action_interface_example/action/detail/arithmetic_checker__functions.h
[0.963s] -- Up-to-date symlink: /home/minipin/ros2-study/robot_dj/install/msg_srv_action_interface_example/include/msg_srv_action_interface_example/msg_srv_action_interface_example/action/detail/arithmetic_checker__struct.h
[0.963s] -- Up-to-date symlink: /home/minipin/ros2-study/robot_dj/install/msg_srv_action_interface_example/include/msg_srv_action_interface_example/msg_srv_action_interface_example/action/detail/arithmetic_checker__type_support.h
[0.963s] -- Up-to-date symlink: /home/minipin/ros2-study/robot_dj/install/msg_srv_action_interface_example/include/msg_srv_action_interface_example/msg_srv_action_interface_example/msg/arithmetic_argument.h
[0.964s] -- Up-to-date symlink: /home/minipin/ros2-study/robot_dj/install/msg_srv_action_interface_example/include/msg_srv_action_interface_example/msg_srv_action_interface_example/msg/detail/arithmetic_argument__functions.h
[0.964s] -- Up-to-date symlink: /home/minipin/ros2-study/robot_dj/install/msg_srv_action_interface_example/include/msg_srv_action_interface_example/msg_srv_action_interface_example/msg/detail/arithmetic_argument__struct.h
[0.964s] -- Up-to-date symlink: /home/minipin/ros2-study/robot_dj/install/msg_srv_action_interface_example/include/msg_srv_action_interface_example/msg_srv_action_interface_example/msg/detail/arithmetic_argument__type_support.h
[0.964s] -- Up-to-date symlink: /home/minipin/ros2-study/robot_dj/install/msg_srv_action_interface_example/include/msg_srv_action_interface_example/msg_srv_action_interface_example/msg/rosidl_generator_c__visibility_control.h
[0.964s] -- Up-to-date symlink: /home/minipin/ros2-study/robot_dj/install/msg_srv_action_interface_example/include/msg_srv_action_interface_example/msg_srv_action_interface_example/srv/arithmetic_operator.h
[0.964s] -- Up-to-date symlink: /home/minipin/ros2-study/robot_dj/install/msg_srv_action_interface_example/include/msg_srv_action_interface_example/msg_srv_action_interface_example/srv/detail/arithmetic_operator__functions.h
[0.964s] -- Up-to-date symlink: /home/minipin/ros2-study/robot_dj/install/msg_srv_action_interface_example/include/msg_srv_action_interface_example/msg_srv_action_interface_example/srv/detail/arithmetic_operator__struct.h
[0.964s] -- Up-to-date symlink: /home/minipin/ros2-study/robot_dj/install/msg_srv_action_interface_example/include/msg_srv_action_interface_example/msg_srv_action_interface_example/srv/detail/arithmetic_operator__type_support.h
[0.964s] -- Up-to-date symlink: /home/minipin/ros2-study/robot_dj/install/msg_srv_action_interface_example/share/msg_srv_action_interface_example/environment/library_path.sh
[0.964s] -- Up-to-date symlink: /home/minipin/ros2-study/robot_dj/install/msg_srv_action_interface_example/share/msg_srv_action_interface_example/environment/library_path.dsv
[0.964s] -- Up-to-date symlink: /home/minipin/ros2-study/robot_dj/install/msg_srv_action_interface_example/include/msg_srv_action_interface_example/msg_srv_action_interface_example/action/detail/arithmetic_checker__rosidl_typesupport_fastrtps_c.h
[0.965s] -- Up-to-date symlink: /home/minipin/ros2-study/robot_dj/install/msg_srv_action_interface_example/include/msg_srv_action_interface_example/msg_srv_action_interface_example/msg/detail/arithmetic_argument__rosidl_typesupport_fastrtps_c.h
[0.965s] -- Up-to-date symlink: /home/minipin/ros2-study/robot_dj/install/msg_srv_action_interface_example/include/msg_srv_action_interface_example/msg_srv_action_interface_example/msg/rosidl_typesupport_fastrtps_c__visibility_control.h
[0.965s] -- Up-to-date symlink: /home/minipin/ros2-study/robot_dj/install/msg_srv_action_interface_example/include/msg_srv_action_interface_example/msg_srv_action_interface_example/srv/detail/arithmetic_operator__rosidl_typesupport_fastrtps_c.h
[0.965s] -- Up-to-date symlink: /home/minipin/ros2-study/robot_dj/install/msg_srv_action_interface_example/include/msg_srv_action_interface_example/msg_srv_action_interface_example/action/arithmetic_checker.hpp
[0.965s] -- Up-to-date symlink: /home/minipin/ros2-study/robot_dj/install/msg_srv_action_interface_example/include/msg_srv_action_interface_example/msg_srv_action_interface_example/action/detail/arithmetic_checker__builder.hpp
[0.965s] -- Up-to-date symlink: /home/minipin/ros2-study/robot_dj/install/msg_srv_action_interface_example/include/msg_srv_action_interface_example/msg_srv_action_interface_example/action/detail/arithmetic_checker__struct.hpp
[0.965s] -- Up-to-date symlink: /home/minipin/ros2-study/robot_dj/install/msg_srv_action_interface_example/include/msg_srv_action_interface_example/msg_srv_action_interface_example/action/detail/arithmetic_checker__traits.hpp
[0.965s] -- Up-to-date symlink: /home/minipin/ros2-study/robot_dj/install/msg_srv_action_interface_example/include/msg_srv_action_interface_example/msg_srv_action_interface_example/msg/arithmetic_argument.hpp
[0.965s] -- Up-to-date symlink: /home/minipin/ros2-study/robot_dj/install/msg_srv_action_interface_example/include/msg_srv_action_interface_example/msg_srv_action_interface_example/msg/detail/arithmetic_argument__builder.hpp
[0.965s] -- Up-to-date symlink: /home/minipin/ros2-study/robot_dj/install/msg_srv_action_interface_example/include/msg_srv_action_interface_example/msg_srv_action_interface_example/msg/detail/arithmetic_argument__struct.hpp
[0.965s] -- Up-to-date symlink: /home/minipin/ros2-study/robot_dj/install/msg_srv_action_interface_example/include/msg_srv_action_interface_example/msg_srv_action_interface_example/msg/detail/arithmetic_argument__traits.hpp
[0.965s] -- Up-to-date symlink: /home/minipin/ros2-study/robot_dj/install/msg_srv_action_interface_example/include/msg_srv_action_interface_example/msg_srv_action_interface_example/srv/arithmetic_operator.hpp
[0.965s] -- Up-to-date symlink: /home/minipin/ros2-study/robot_dj/install/msg_srv_action_interface_example/include/msg_srv_action_interface_example/msg_srv_action_interface_example/srv/detail/arithmetic_operator__builder.hpp
[0.965s] -- Up-to-date symlink: /home/minipin/ros2-study/robot_dj/install/msg_srv_action_interface_example/include/msg_srv_action_interface_example/msg_srv_action_interface_example/srv/detail/arithmetic_operator__struct.hpp
[0.965s] -- Up-to-date symlink: /home/minipin/ros2-study/robot_dj/install/msg_srv_action_interface_example/include/msg_srv_action_interface_example/msg_srv_action_interface_example/srv/detail/arithmetic_operator__traits.hpp
[0.966s] -- Up-to-date symlink: /home/minipin/ros2-study/robot_dj/install/msg_srv_action_interface_example/include/msg_srv_action_interface_example/msg_srv_action_interface_example/action/detail/arithmetic_checker__rosidl_typesupport_fastrtps_cpp.hpp
[0.966s] -- Up-to-date symlink: /home/minipin/ros2-study/robot_dj/install/msg_srv_action_interface_example/include/msg_srv_action_interface_example/msg_srv_action_interface_example/msg/detail/arithmetic_argument__rosidl_typesupport_fastrtps_cpp.hpp
[0.966s] -- Up-to-date symlink: /home/minipin/ros2-study/robot_dj/install/msg_srv_action_interface_example/include/msg_srv_action_interface_example/msg_srv_action_interface_example/msg/rosidl_typesupport_fastrtps_cpp__visibility_control.h
[0.966s] -- Up-to-date symlink: /home/minipin/ros2-study/robot_dj/install/msg_srv_action_interface_example/include/msg_srv_action_interface_example/msg_srv_action_interface_example/srv/detail/arithmetic_operator__rosidl_typesupport_fastrtps_cpp.hpp
[0.966s] -- Up-to-date symlink: /home/minipin/ros2-study/robot_dj/install/msg_srv_action_interface_example/include/msg_srv_action_interface_example/msg_srv_action_interface_example/action/detail/arithmetic_checker__rosidl_typesupport_introspection_c.h
[0.966s] -- Up-to-date symlink: /home/minipin/ros2-study/robot_dj/install/msg_srv_action_interface_example/include/msg_srv_action_interface_example/msg_srv_action_interface_example/msg/detail/arithmetic_argument__rosidl_typesupport_introspection_c.h
[0.966s] -- Up-to-date symlink: /home/minipin/ros2-study/robot_dj/install/msg_srv_action_interface_example/include/msg_srv_action_interface_example/msg_srv_action_interface_example/msg/rosidl_typesupport_introspection_c__visibility_control.h
[0.966s] -- Up-to-date symlink: /home/minipin/ros2-study/robot_dj/install/msg_srv_action_interface_example/include/msg_srv_action_interface_example/msg_srv_action_interface_example/srv/detail/arithmetic_operator__rosidl_typesupport_introspection_c.h
[0.967s] -- Up-to-date symlink: /home/minipin/ros2-study/robot_dj/install/msg_srv_action_interface_example/include/msg_srv_action_interface_example/msg_srv_action_interface_example/action/detail/arithmetic_checker__rosidl_typesupport_introspection_cpp.hpp
[0.967s] -- Up-to-date symlink: /home/minipin/ros2-study/robot_dj/install/msg_srv_action_interface_example/include/msg_srv_action_interface_example/msg_srv_action_interface_example/msg/detail/arithmetic_argument__rosidl_typesupport_introspection_cpp.hpp
[0.967s] -- Up-to-date symlink: /home/minipin/ros2-study/robot_dj/install/msg_srv_action_interface_example/include/msg_srv_action_interface_example/msg_srv_action_interface_example/srv/detail/arithmetic_operator__rosidl_typesupport_introspection_cpp.hpp
[0.967s] -- Up-to-date symlink: /home/minipin/ros2-study/robot_dj/install/msg_srv_action_interface_example/share/msg_srv_action_interface_example/environment/pythonpath.sh
[0.967s] -- Up-to-date symlink: /home/minipin/ros2-study/robot_dj/install/msg_srv_action_interface_example/share/msg_srv_action_interface_example/environment/pythonpath.dsv
[0.967s] -- Up-to-date symlink: /home/minipin/ros2-study/robot_dj/install/msg_srv_action_interface_example/local/lib/python3.10/dist-packages/msg_srv_action_interface_example-0.2.0-py3.10.egg-info/PKG-INFO
[0.967s] -- Up-to-date symlink: /home/minipin/ros2-study/robot_dj/install/msg_srv_action_interface_example/local/lib/python3.10/dist-packages/msg_srv_action_interface_example-0.2.0-py3.10.egg-info/SOURCES.txt
[0.967s] -- Up-to-date symlink: /home/minipin/ros2-study/robot_dj/install/msg_srv_action_interface_example/local/lib/python3.10/dist-packages/msg_srv_action_interface_example-0.2.0-py3.10.egg-info/dependency_links.txt
[0.967s] -- Up-to-date symlink: /home/minipin/ros2-study/robot_dj/install/msg_srv_action_interface_example/local/lib/python3.10/dist-packages/msg_srv_action_interface_example-0.2.0-py3.10.egg-info/top_level.txt
[0.968s] -- Up-to-date symlink: /home/minipin/ros2-study/robot_dj/install/msg_srv_action_interface_example/local/lib/python3.10/dist-packages/msg_srv_action_interface_example/__init__.py
[0.968s] -- Up-to-date symlink: /home/minipin/ros2-study/robot_dj/install/msg_srv_action_interface_example/local/lib/python3.10/dist-packages/msg_srv_action_interface_example/_msg_srv_action_interface_example_s.ep.rosidl_typesupport_c.c
[0.968s] -- Up-to-date symlink: /home/minipin/ros2-study/robot_dj/install/msg_srv_action_interface_example/local/lib/python3.10/dist-packages/msg_srv_action_interface_example/_msg_srv_action_interface_example_s.ep.rosidl_typesupport_fastrtps_c.c
[0.968s] -- Up-to-date symlink: /home/minipin/ros2-study/robot_dj/install/msg_srv_action_interface_example/local/lib/python3.10/dist-packages/msg_srv_action_interface_example/_msg_srv_action_interface_example_s.ep.rosidl_typesupport_introspection_c.c
[0.968s] -- Up-to-date symlink: /home/minipin/ros2-study/robot_dj/install/msg_srv_action_interface_example/local/lib/python3.10/dist-packages/msg_srv_action_interface_example/action/__init__.py
[0.968s] -- Up-to-date symlink: /home/minipin/ros2-study/robot_dj/install/msg_srv_action_interface_example/local/lib/python3.10/dist-packages/msg_srv_action_interface_example/action/_arithmetic_checker.py
[0.968s] -- Up-to-date symlink: /home/minipin/ros2-study/robot_dj/install/msg_srv_action_interface_example/local/lib/python3.10/dist-packages/msg_srv_action_interface_example/action/_arithmetic_checker_s.c
[0.968s] -- Up-to-date symlink: /home/minipin/ros2-study/robot_dj/install/msg_srv_action_interface_example/local/lib/python3.10/dist-packages/msg_srv_action_interface_example/libmsg_srv_action_interface_example__rosidl_generator_py.so
[0.968s] -- Up-to-date symlink: /home/minipin/ros2-study/robot_dj/install/msg_srv_action_interface_example/local/lib/python3.10/dist-packages/msg_srv_action_interface_example/msg/__init__.py
[0.968s] -- Up-to-date symlink: /home/minipin/ros2-study/robot_dj/install/msg_srv_action_interface_example/local/lib/python3.10/dist-packages/msg_srv_action_interface_example/msg/_arithmetic_argument.py
[0.968s] -- Up-to-date symlink: /home/minipin/ros2-study/robot_dj/install/msg_srv_action_interface_example/local/lib/python3.10/dist-packages/msg_srv_action_interface_example/msg/_arithmetic_argument_s.c
[0.968s] -- Up-to-date symlink: /home/minipin/ros2-study/robot_dj/install/msg_srv_action_interface_example/local/lib/python3.10/dist-packages/msg_srv_action_interface_example/msg_srv_action_interface_example_s__rosidl_typesupport_c.cpython-310-x86_64-linux-gnu.so
[0.968s] -- Up-to-date symlink: /home/minipin/ros2-study/robot_dj/install/msg_srv_action_interface_example/local/lib/python3.10/dist-packages/msg_srv_action_interface_example/msg_srv_action_interface_example_s__rosidl_typesupport_fastrtps_c.cpython-310-x86_64-linux-gnu.so
[0.968s] -- Up-to-date symlink: /home/minipin/ros2-study/robot_dj/install/msg_srv_action_interface_example/local/lib/python3.10/dist-packages/msg_srv_action_interface_example/msg_srv_action_interface_example_s__rosidl_typesupport_introspection_c.cpython-310-x86_64-linux-gnu.so
[0.968s] -- Up-to-date symlink: /home/minipin/ros2-study/robot_dj/install/msg_srv_action_interface_example/local/lib/python3.10/dist-packages/msg_srv_action_interface_example/srv/__init__.py
[0.968s] -- Up-to-date symlink: /home/minipin/ros2-study/robot_dj/install/msg_srv_action_interface_example/local/lib/python3.10/dist-packages/msg_srv_action_interface_example/srv/_arithmetic_operator.py
[0.968s] -- Up-to-date symlink: /home/minipin/ros2-study/robot_dj/install/msg_srv_action_interface_example/local/lib/python3.10/dist-packages/msg_srv_action_interface_example/srv/_arithmetic_operator_s.c
[0.969s] -- Up-to-date symlink: /home/minipin/ros2-study/robot_dj/install/msg_srv_action_interface_example/local/lib/python3.10/dist-packages/msg_srv_action_interface_example/msg_srv_action_interface_example_s__rosidl_typesupport_fastrtps_c.cpython-310-x86_64-linux-gnu.so
[0.969s] -- Up-to-date symlink: /home/minipin/ros2-study/robot_dj/install/msg_srv_action_interface_example/local/lib/python3.10/dist-packages/msg_srv_action_interface_example/msg_srv_action_interface_example_s__rosidl_typesupport_introspection_c.cpython-310-x86_64-linux-gnu.so
[0.969s] -- Up-to-date symlink: /home/minipin/ros2-study/robot_dj/install/msg_srv_action_interface_example/local/lib/python3.10/dist-packages/msg_srv_action_interface_example/msg_srv_action_interface_example_s__rosidl_typesupport_c.cpython-310-x86_64-linux-gnu.so
[0.969s] -- Up-to-date symlink: /home/minipin/ros2-study/robot_dj/install/msg_srv_action_interface_example/share/msg_srv_action_interface_example/msg/ArithmeticArgument.idl
[0.969s] -- Up-to-date symlink: /home/minipin/ros2-study/robot_dj/install/msg_srv_action_interface_example/share/msg_srv_action_interface_example/srv/ArithmeticOperator.idl
[0.969s] -- Up-to-date symlink: /home/minipin/ros2-study/robot_dj/install/msg_srv_action_interface_example/share/msg_srv_action_interface_example/action/ArithmeticChecker.idl
[0.969s] -- Up-to-date symlink: /home/minipin/ros2-study/robot_dj/install/msg_srv_action_interface_example/share/msg_srv_action_interface_example/msg/ArithmeticArgument.msg
[0.969s] -- Up-to-date symlink: /home/minipin/ros2-study/robot_dj/install/msg_srv_action_interface_example/share/msg_srv_action_interface_example/srv/ArithmeticOperator.srv
[0.969s] -- Up-to-date symlink: /home/minipin/ros2-study/robot_dj/install/msg_srv_action_interface_example/share/msg_srv_action_interface_example/srv/ArithmeticOperator_Request.msg
[0.969s] -- Up-to-date symlink: /home/minipin/ros2-study/robot_dj/install/msg_srv_action_interface_example/share/msg_srv_action_interface_example/srv/ArithmeticOperator_Response.msg
[0.970s] -- Up-to-date symlink: /home/minipin/ros2-study/robot_dj/install/msg_srv_action_interface_example/share/msg_srv_action_interface_example/action/ArithmeticChecker.action
[0.970s] -- Up-to-date symlink: /home/minipin/ros2-study/robot_dj/install/msg_srv_action_interface_example/share/ament_index/resource_index/package_run_dependencies/msg_srv_action_interface_example
[0.970s] -- Up-to-date symlink: /home/minipin/ros2-study/robot_dj/install/msg_srv_action_interface_example/share/ament_index/resource_index/parent_prefix_path/msg_srv_action_interface_example
[0.970s] -- Up-to-date symlink: /home/minipin/ros2-study/robot_dj/install/msg_srv_action_interface_example/share/msg_srv_action_interface_example/environment/ament_prefix_path.sh
[0.970s] -- Up-to-date symlink: /home/minipin/ros2-study/robot_dj/install/msg_srv_action_interface_example/share/msg_srv_action_interface_example/environment/ament_prefix_path.dsv
[0.970s] -- Up-to-date symlink: /home/minipin/ros2-study/robot_dj/install/msg_srv_action_interface_example/share/msg_srv_action_interface_example/environment/path.sh
[0.970s] -- Up-to-date symlink: /home/minipin/ros2-study/robot_dj/install/msg_srv_action_interface_example/share/msg_srv_action_interface_example/environment/path.dsv
[0.970s] -- Up-to-date symlink: /home/minipin/ros2-study/robot_dj/install/msg_srv_action_interface_example/share/msg_srv_action_interface_example/local_setup.bash
[0.970s] -- Up-to-date symlink: /home/minipin/ros2-study/robot_dj/install/msg_srv_action_interface_example/share/msg_srv_action_interface_example/local_setup.sh
[0.970s] -- Up-to-date symlink: /home/minipin/ros2-study/robot_dj/install/msg_srv_action_interface_example/share/msg_srv_action_interface_example/local_setup.zsh
[0.970s] -- Up-to-date symlink: /home/minipin/ros2-study/robot_dj/install/msg_srv_action_interface_example/share/msg_srv_action_interface_example/local_setup.dsv
[0.970s] -- Symlinking: /home/minipin/ros2-study/robot_dj/install/msg_srv_action_interface_example/share/msg_srv_action_interface_example/package.dsv
[0.975s] -- Up-to-date symlink: /home/minipin/ros2-study/robot_dj/install/msg_srv_action_interface_example/share/ament_index/resource_index/packages/msg_srv_action_interface_example
[0.975s] -- Up-to-date symlink: /home/minipin/ros2-study/robot_dj/install/msg_srv_action_interface_example/share/msg_srv_action_interface_example/cmake/rosidl_cmake-extras.cmake
[0.975s] -- Up-to-date symlink: /home/minipin/ros2-study/robot_dj/install/msg_srv_action_interface_example/share/msg_srv_action_interface_example/cmake/ament_cmake_export_dependencies-extras.cmake
[0.976s] -- Up-to-date symlink: /home/minipin/ros2-study/robot_dj/install/msg_srv_action_interface_example/share/msg_srv_action_interface_example/cmake/ament_cmake_export_include_directories-extras.cmake
[0.976s] -- Up-to-date symlink: /home/minipin/ros2-study/robot_dj/install/msg_srv_action_interface_example/share/msg_srv_action_interface_example/cmake/ament_cmake_export_libraries-extras.cmake
[0.976s] -- Up-to-date symlink: /home/minipin/ros2-study/robot_dj/install/msg_srv_action_interface_example/share/msg_srv_action_interface_example/cmake/ament_cmake_export_targets-extras.cmake
[0.976s] -- Up-to-date symlink: /home/minipin/ros2-study/robot_dj/install/msg_srv_action_interface_example/share/msg_srv_action_interface_example/cmake/rosidl_cmake_export_typesupport_targets-extras.cmake
[0.976s] -- Up-to-date symlink: /home/minipin/ros2-study/robot_dj/install/msg_srv_action_interface_example/share/msg_srv_action_interface_example/cmake/rosidl_cmake_export_typesupport_libraries-extras.cmake
[0.976s] -- Up-to-date symlink: /home/minipin/ros2-study/robot_dj/install/msg_srv_action_interface_example/share/msg_srv_action_interface_example/cmake/msg_srv_action_interface_exampleConfig.cmake
[0.976s] -- Up-to-date symlink: /home/minipin/ros2-study/robot_dj/install/msg_srv_action_interface_example/share/msg_srv_action_interface_example/cmake/msg_srv_action_interface_exampleConfig-version.cmake
[0.976s] -- Up-to-date symlink: /home/minipin/ros2-study/robot_dj/install/msg_srv_action_interface_example/share/msg_srv_action_interface_example/package.xml
[0.976s] -- Up-to-date: /home/minipin/ros2-study/robot_dj/install/msg_srv_action_interface_example/lib/libmsg_srv_action_interface_example__rosidl_generator_c.so
[0.976s] -- Up-to-date: /home/minipin/ros2-study/robot_dj/install/msg_srv_action_interface_example/lib/libmsg_srv_action_interface_example__rosidl_typesupport_fastrtps_c.so
[0.977s] -- Up-to-date: /home/minipin/ros2-study/robot_dj/install/msg_srv_action_interface_example/lib/libmsg_srv_action_interface_example__rosidl_typesupport_fastrtps_cpp.so
[0.977s] -- Up-to-date: /home/minipin/ros2-study/robot_dj/install/msg_srv_action_interface_example/lib/libmsg_srv_action_interface_example__rosidl_typesupport_introspection_c.so
[0.977s] -- Up-to-date: /home/minipin/ros2-study/robot_dj/install/msg_srv_action_interface_example/lib/libmsg_srv_action_interface_example__rosidl_typesupport_c.so
[0.977s] -- Up-to-date: /home/minipin/ros2-study/robot_dj/install/msg_srv_action_interface_example/lib/libmsg_srv_action_interface_example__rosidl_typesupport_introspection_cpp.so
[0.977s] -- Up-to-date: /home/minipin/ros2-study/robot_dj/install/msg_srv_action_interface_example/lib/libmsg_srv_action_interface_example__rosidl_typesupport_cpp.so
[0.996s] Listing '/home/minipin/ros2-study/robot_dj/install/msg_srv_action_interface_example/local/lib/python3.10/dist-packages/msg_srv_action_interface_example'...
[0.996s] Compiling '/home/minipin/ros2-study/robot_dj/install/msg_srv_action_interface_example/local/lib/python3.10/dist-packages/msg_srv_action_interface_example/__init__.py'...
[0.996s] Listing '/home/minipin/ros2-study/robot_dj/install/msg_srv_action_interface_example/local/lib/python3.10/dist-packages/msg_srv_action_interface_example/action'...
[0.996s] Listing '/home/minipin/ros2-study/robot_dj/install/msg_srv_action_interface_example/local/lib/python3.10/dist-packages/msg_srv_action_interface_example/msg'...
[0.996s] Listing '/home/minipin/ros2-study/robot_dj/install/msg_srv_action_interface_example/local/lib/python3.10/dist-packages/msg_srv_action_interface_example/srv'...
[0.998s] -- Up-to-date: /home/minipin/ros2-study/robot_dj/install/msg_srv_action_interface_example/lib/libmsg_srv_action_interface_example__rosidl_generator_py.so
[0.998s] -- Up-to-date: /home/minipin/ros2-study/robot_dj/install/msg_srv_action_interface_example/share/msg_srv_action_interface_example/cmake/export_msg_srv_action_interface_example__rosidl_generator_cExport.cmake
[0.999s] -- Up-to-date: /home/minipin/ros2-study/robot_dj/install/msg_srv_action_interface_example/share/msg_srv_action_interface_example/cmake/export_msg_srv_action_interface_example__rosidl_generator_cExport-debug.cmake
[0.999s] -- Up-to-date: /home/minipin/ros2-study/robot_dj/install/msg_srv_action_interface_example/share/msg_srv_action_interface_example/cmake/export_msg_srv_action_interface_example__rosidl_typesupport_fastrtps_cExport.cmake
[0.999s] -- Up-to-date: /home/minipin/ros2-study/robot_dj/install/msg_srv_action_interface_example/share/msg_srv_action_interface_example/cmake/export_msg_srv_action_interface_example__rosidl_typesupport_fastrtps_cExport-debug.cmake
[0.999s] -- Up-to-date: /home/minipin/ros2-study/robot_dj/install/msg_srv_action_interface_example/share/msg_srv_action_interface_example/cmake/export_msg_srv_action_interface_example__rosidl_generator_cppExport.cmake
[0.999s] -- Up-to-date: /home/minipin/ros2-study/robot_dj/install/msg_srv_action_interface_example/share/msg_srv_action_interface_example/cmake/export_msg_srv_action_interface_example__rosidl_typesupport_fastrtps_cppExport.cmake
[0.999s] -- Up-to-date: /home/minipin/ros2-study/robot_dj/install/msg_srv_action_interface_example/share/msg_srv_action_interface_example/cmake/export_msg_srv_action_interface_example__rosidl_typesupport_fastrtps_cppExport-debug.cmake
[0.999s] -- Up-to-date: /home/minipin/ros2-study/robot_dj/install/msg_srv_action_interface_example/share/msg_srv_action_interface_example/cmake/msg_srv_action_interface_example__rosidl_typesupport_introspection_cExport.cmake
[0.999s] -- Up-to-date: /home/minipin/ros2-study/robot_dj/install/msg_srv_action_interface_example/share/msg_srv_action_interface_example/cmake/msg_srv_action_interface_example__rosidl_typesupport_introspection_cExport-debug.cmake
[0.999s] -- Up-to-date: /home/minipin/ros2-study/robot_dj/install/msg_srv_action_interface_example/share/msg_srv_action_interface_example/cmake/msg_srv_action_interface_example__rosidl_typesupport_cExport.cmake
[0.999s] -- Up-to-date: /home/minipin/ros2-study/robot_dj/install/msg_srv_action_interface_example/share/msg_srv_action_interface_example/cmake/msg_srv_action_interface_example__rosidl_typesupport_cExport-debug.cmake
[0.999s] -- Up-to-date: /home/minipin/ros2-study/robot_dj/install/msg_srv_action_interface_example/share/msg_srv_action_interface_example/cmake/msg_srv_action_interface_example__rosidl_typesupport_introspection_cppExport.cmake
[0.999s] -- Up-to-date: /home/minipin/ros2-study/robot_dj/install/msg_srv_action_interface_example/share/msg_srv_action_interface_example/cmake/msg_srv_action_interface_example__rosidl_typesupport_introspection_cppExport-debug.cmake
[0.999s] -- Up-to-date: /home/minipin/ros2-study/robot_dj/install/msg_srv_action_interface_example/share/msg_srv_action_interface_example/cmake/msg_srv_action_interface_example__rosidl_typesupport_cppExport.cmake
[0.999s] -- Up-to-date: /home/minipin/ros2-study/robot_dj/install/msg_srv_action_interface_example/share/msg_srv_action_interface_example/cmake/msg_srv_action_interface_example__rosidl_typesupport_cppExport-debug.cmake
[0.999s] -- Up-to-date: /home/minipin/ros2-study/robot_dj/install/msg_srv_action_interface_example/share/msg_srv_action_interface_example/cmake/export_msg_srv_action_interface_example__rosidl_generator_pyExport.cmake
[0.999s] -- Up-to-date: /home/minipin/ros2-study/robot_dj/install/msg_srv_action_interface_example/share/msg_srv_action_interface_example/cmake/export_msg_srv_action_interface_example__rosidl_generator_pyExport-debug.cmake
[1.001s] Invoked command in '/home/minipin/ros2-study/robot_dj/build/msg_srv_action_interface_example' returned '0': CMAKE_PREFIX_PATH=${CMAKE_PREFIX_PATH}:/opt/ros/humble /usr/bin/cmake --install /home/minipin/ros2-study/robot_dj/build/msg_srv_action_interface_example
