[0.018s] Invoking command in '/home/minipin/ros2-study/robot_dj/build/time_rclcpp_example': CMAKE_PREFIX_PATH=/opt/ros/humble /usr/bin/cmake /home/minipin/ros2-study/robot_dj/src/ros2-seminar-examples/time_rclcpp_example -DAMENT_CMAKE_SYMLINK_INSTALL=1 -DCMAKE_INSTALL_PREFIX=/home/minipin/ros2-study/robot_dj/install/time_rclcpp_example
[0.270s] -- The C compiler identification is GNU 11.3.0
[0.418s] -- The CXX compiler identification is GNU 11.3.0
[0.428s] -- Detecting C compiler ABI info
[0.468s] -- Detecting C compiler ABI info - done
[0.476s] -- Check for working C compiler: /usr/bin/cc - skipped
[0.477s] -- Detecting C compile features
[0.479s] -- Detecting C compile features - done
[0.483s] -- Detecting CXX compiler ABI info
[0.539s] -- Detecting CXX compiler ABI info - done
[0.543s] -- Check for working CXX compiler: /usr/bin/c++ - skipped
[0.544s] -- Detecting CXX compile features
[0.544s] -- Detecting CXX compile features - done
[0.555s] -- Found ament_cmake: 1.3.3 (/opt/ros/humble/share/ament_cmake/cmake)
[0.685s] -- Found Python3: /usr/bin/python3.10 (found version "3.10.6") found components: Interpreter 
[0.742s] -- Override CMake install command with custom implementation using symlinks instead of copying resources
[0.800s] -- Found rclcpp: 16.0.3 (/opt/ros/humble/share/rclcpp/cmake)
[0.881s] -- Found rosidl_generator_c: 3.1.4 (/opt/ros/humble/share/rosidl_generator_c/cmake)
[0.888s] -- Found rosidl_adapter: 3.1.4 (/opt/ros/humble/share/rosidl_adapter/cmake)
[0.902s] -- Found rosidl_generator_cpp: 3.1.4 (/opt/ros/humble/share/rosidl_generator_cpp/cmake)
[0.924s] -- Using all available rosidl_typesupport_c: rosidl_typesupport_fastrtps_c;rosidl_typesupport_introspection_c
[0.948s] -- Using all available rosidl_typesupport_cpp: rosidl_typesupport_fastrtps_cpp;rosidl_typesupport_introspection_cpp
[1.012s] -- Found rmw_implementation_cmake: 6.1.1 (/opt/ros/humble/share/rmw_implementation_cmake/cmake)
[1.016s] -- Found rmw_fastrtps_cpp: 6.2.2 (/opt/ros/humble/share/rmw_fastrtps_cpp/cmake)
[1.103s] -- Found OpenSSL: /usr/lib/x86_64-linux-gnu/libcrypto.so (found version "3.0.2")  
[1.124s] -- Found FastRTPS: /opt/ros/humble/include  
[1.151s] -- Using RMW implementation 'rmw_fastrtps_cpp' as default
[1.164s] -- Looking for pthread.h
[1.250s] -- Looking for pthread.h - found
[1.250s] -- Performing Test CMAKE_HAVE_LIBC_PTHREAD
[1.290s] -- Performing Test CMAKE_HAVE_LIBC_PTHREAD - Success
[1.291s] -- Found Threads: TRUE  
[1.417s] -- Found ament_lint_auto: 0.12.5 (/opt/ros/humble/share/ament_lint_auto/cmake)
[1.484s] -- Added test 'copyright' to check source files copyright and LICENSE
[1.485s] -- Added test 'cppcheck' to perform static code analysis on C / C++ code
[1.485s] -- Configured cppcheck include dirs: 
[1.485s] -- Configured cppcheck exclude dirs and/or files: 
[1.486s] -- Added test 'cpplint' to check C / C++ code against the Google style
[1.486s] -- Configured cpplint exclude dirs and/or files: 
[1.488s] -- Added test 'lint_cmake' to check CMake code style
[1.489s] -- Added test 'uncrustify' to check C / C++ code style
[1.489s] -- Configured uncrustify additional arguments: 
[1.490s] -- Added test 'xmllint' to check XML markup files
[1.492s] -- Configuring done
[1.499s] -- Generating done
[1.499s] -- Build files have been written to: /home/minipin/ros2-study/robot_dj/build/time_rclcpp_example
[1.506s] Invoked command in '/home/minipin/ros2-study/robot_dj/build/time_rclcpp_example' returned '0': CMAKE_PREFIX_PATH=/opt/ros/humble /usr/bin/cmake /home/minipin/ros2-study/robot_dj/src/ros2-seminar-examples/time_rclcpp_example -DAMENT_CMAKE_SYMLINK_INSTALL=1 -DCMAKE_INSTALL_PREFIX=/home/minipin/ros2-study/robot_dj/install/time_rclcpp_example
[1.507s] Invoking command in '/home/minipin/ros2-study/robot_dj/build/time_rclcpp_example': CMAKE_PREFIX_PATH=/opt/ros/humble /usr/bin/cmake --build /home/minipin/ros2-study/robot_dj/build/time_rclcpp_example -- -j8 -l8
[1.538s] [ 50%] [32mBuilding CXX object CMakeFiles/time_example.dir/src/main.cpp.o[0m
[4.334s] [100%] [32m[1mLinking CXX executable time_example[0m
[4.503s] [100%] Built target time_example
[4.509s] Invoked command in '/home/minipin/ros2-study/robot_dj/build/time_rclcpp_example' returned '0': CMAKE_PREFIX_PATH=/opt/ros/humble /usr/bin/cmake --build /home/minipin/ros2-study/robot_dj/build/time_rclcpp_example -- -j8 -l8
[4.528s] Invoking command in '/home/minipin/ros2-study/robot_dj/build/time_rclcpp_example': CMAKE_PREFIX_PATH=/opt/ros/humble /usr/bin/cmake --install /home/minipin/ros2-study/robot_dj/build/time_rclcpp_example
[4.534s] -- Install configuration: ""
[4.534s] -- Execute custom install script
[4.534s] -- Symlinking: /home/minipin/ros2-study/robot_dj/install/time_rclcpp_example/lib/time_rclcpp_example/time_example
[4.539s] -- Symlinking: /home/minipin/ros2-study/robot_dj/install/time_rclcpp_example/share/ament_index/resource_index/package_run_dependencies/time_rclcpp_example
[4.546s] -- Symlinking: /home/minipin/ros2-study/robot_dj/install/time_rclcpp_example/share/ament_index/resource_index/parent_prefix_path/time_rclcpp_example
[4.553s] -- Symlinking: /home/minipin/ros2-study/robot_dj/install/time_rclcpp_example/share/time_rclcpp_example/environment/ament_prefix_path.sh
[4.558s] -- Symlinking: /home/minipin/ros2-study/robot_dj/install/time_rclcpp_example/share/time_rclcpp_example/environment/ament_prefix_path.dsv
[4.565s] -- Symlinking: /home/minipin/ros2-study/robot_dj/install/time_rclcpp_example/share/time_rclcpp_example/environment/path.sh
[4.573s] -- Symlinking: /home/minipin/ros2-study/robot_dj/install/time_rclcpp_example/share/time_rclcpp_example/environment/path.dsv
[4.580s] -- Symlinking: /home/minipin/ros2-study/robot_dj/install/time_rclcpp_example/share/time_rclcpp_example/local_setup.bash
[4.587s] -- Symlinking: /home/minipin/ros2-study/robot_dj/install/time_rclcpp_example/share/time_rclcpp_example/local_setup.sh
[4.594s] -- Symlinking: /home/minipin/ros2-study/robot_dj/install/time_rclcpp_example/share/time_rclcpp_example/local_setup.zsh
[4.600s] -- Symlinking: /home/minipin/ros2-study/robot_dj/install/time_rclcpp_example/share/time_rclcpp_example/local_setup.dsv
[4.607s] -- Symlinking: /home/minipin/ros2-study/robot_dj/install/time_rclcpp_example/share/time_rclcpp_example/package.dsv
[4.613s] -- Symlinking: /home/minipin/ros2-study/robot_dj/install/time_rclcpp_example/share/ament_index/resource_index/packages/time_rclcpp_example
[4.619s] -- Symlinking: /home/minipin/ros2-study/robot_dj/install/time_rclcpp_example/share/time_rclcpp_example/cmake/time_rclcpp_exampleConfig.cmake
[4.625s] -- Symlinking: /home/minipin/ros2-study/robot_dj/install/time_rclcpp_example/share/time_rclcpp_example/cmake/time_rclcpp_exampleConfig-version.cmake
[4.631s] -- Symlinking: /home/minipin/ros2-study/robot_dj/install/time_rclcpp_example/share/time_rclcpp_example/package.xml
[4.638s] Invoked command in '/home/minipin/ros2-study/robot_dj/build/time_rclcpp_example' returned '0': CMAKE_PREFIX_PATH=/opt/ros/humble /usr/bin/cmake --install /home/minipin/ros2-study/robot_dj/build/time_rclcpp_example
