[0.563s] Invoking command in '/home/minipin/ros2-study/robot_dj/build/rqt_example': CMAKE_PREFIX_PATH=/opt/ros/humble /usr/bin/cmake /home/minipin/ros2-study/robot_dj/src/ros2-seminar-examples/rqt_example -DAMENT_CMAKE_SYMLINK_INSTALL=1 -DCMAKE_INSTALL_PREFIX=/home/minipin/ros2-study/robot_dj/install/rqt_example
[0.618s] -- The C compiler identification is GNU 11.3.0
[0.678s] -- The CXX compiler identification is GNU 11.3.0
[0.686s] -- Detecting C compiler ABI info
[0.773s] -- Detecting C compiler ABI info - done
[0.782s] -- Check for working C compiler: /usr/bin/cc - skipped
[0.782s] -- Detecting C compile features
[0.782s] -- Detecting C compile features - done
[0.785s] -- Detecting CXX compiler ABI info
[0.855s] -- Detecting CXX compiler ABI info - done
[0.864s] -- Check for working CXX compiler: /usr/bin/c++ - skipped
[0.864s] -- Detecting CXX compile features
[0.865s] -- Detecting CXX compile features - done
[0.867s] -- Found ament_cmake: 1.3.3 (/opt/ros/humble/share/ament_cmake/cmake)
[1.089s] -- Found Python3: /usr/bin/python3.10 (found version "3.10.6") found components: Interpreter 
[1.173s] -- Override CMake install command with custom implementation using symlinks instead of copying resources
[1.289s] -- Found ament_lint_auto: 0.12.5 (/opt/ros/humble/share/ament_lint_auto/cmake)
[1.387s] -- Added test 'copyright' to check source files copyright and LICENSE
[1.389s] -- Added test 'flake8' to check Python code syntax and style conventions
[1.390s] -- Added test 'lint_cmake' to check CMake code style
[1.390s] -- Added test 'pep257' to check Python code against some of the docstring style conventions in PEP 257
[1.392s] -- Added test 'xmllint' to check XML markup files
[1.397s] -- Configuring done
[1.402s] -- Generating done
[1.403s] -- Build files have been written to: /home/minipin/ros2-study/robot_dj/build/rqt_example
[1.415s] Invoked command in '/home/minipin/ros2-study/robot_dj/build/rqt_example' returned '0': CMAKE_PREFIX_PATH=/opt/ros/humble /usr/bin/cmake /home/minipin/ros2-study/robot_dj/src/ros2-seminar-examples/rqt_example -DAMENT_CMAKE_SYMLINK_INSTALL=1 -DCMAKE_INSTALL_PREFIX=/home/minipin/ros2-study/robot_dj/install/rqt_example
[1.416s] Invoking command in '/home/minipin/ros2-study/robot_dj/build/rqt_example': CMAKE_PREFIX_PATH=/opt/ros/humble /usr/bin/cmake --build /home/minipin/ros2-study/robot_dj/build/rqt_example -- -j8 -l8
[1.566s] Built target ament_cmake_python_symlink_rqt_example
[1.827s] running egg_info
[1.827s] creating rqt_example.egg-info
[1.828s] writing rqt_example.egg-info/PKG-INFO
[1.828s] writing dependency_links to rqt_example.egg-info/dependency_links.txt
[1.829s] writing top-level names to rqt_example.egg-info/top_level.txt
[1.829s] writing manifest file 'rqt_example.egg-info/SOURCES.txt'
[1.830s] reading manifest file 'rqt_example.egg-info/SOURCES.txt'
[1.831s] writing manifest file 'rqt_example.egg-info/SOURCES.txt'
[1.860s] Built target ament_cmake_python_build_rqt_example_egg
[2.036s] Invoked command in '/home/minipin/ros2-study/robot_dj/build/rqt_example' returned '0': CMAKE_PREFIX_PATH=/opt/ros/humble /usr/bin/cmake --build /home/minipin/ros2-study/robot_dj/build/rqt_example -- -j8 -l8
[2.482s] Invoking command in '/home/minipin/ros2-study/robot_dj/build/rqt_example': CMAKE_PREFIX_PATH=/opt/ros/humble /usr/bin/cmake --install /home/minipin/ros2-study/robot_dj/build/rqt_example
[2.495s] -- Install configuration: ""
[2.495s] -- Execute custom install script
[2.496s] -- Symlinking: /home/minipin/ros2-study/robot_dj/install/rqt_example/share/rqt_example/environment/pythonpath.sh
[2.513s] -- Symlinking: /home/minipin/ros2-study/robot_dj/install/rqt_example/share/rqt_example/environment/pythonpath.dsv
[2.537s] -- Symlinking: /home/minipin/ros2-study/robot_dj/install/rqt_example/local/lib/python3.10/dist-packages/rqt_example-0.6.0-py3.10.egg-info/PKG-INFO
[2.548s] -- Symlinking: /home/minipin/ros2-study/robot_dj/install/rqt_example/local/lib/python3.10/dist-packages/rqt_example-0.6.0-py3.10.egg-info/SOURCES.txt
[2.573s] -- Symlinking: /home/minipin/ros2-study/robot_dj/install/rqt_example/local/lib/python3.10/dist-packages/rqt_example-0.6.0-py3.10.egg-info/dependency_links.txt
[2.587s] -- Symlinking: /home/minipin/ros2-study/robot_dj/install/rqt_example/local/lib/python3.10/dist-packages/rqt_example-0.6.0-py3.10.egg-info/top_level.txt
[2.609s] -- Symlinking: /home/minipin/ros2-study/robot_dj/install/rqt_example/local/lib/python3.10/dist-packages/rqt_example/__init__.py
[2.636s] -- Symlinking: /home/minipin/ros2-study/robot_dj/install/rqt_example/local/lib/python3.10/dist-packages/rqt_example/examples.py
[2.646s] -- Symlinking: /home/minipin/ros2-study/robot_dj/install/rqt_example/local/lib/python3.10/dist-packages/rqt_example/examples_widget.py
[2.662s] -- Symlinking: /home/minipin/ros2-study/robot_dj/install/rqt_example/share/rqt_example/plugin.xml
[2.678s] -- Symlinking: /home/minipin/ros2-study/robot_dj/install/rqt_example/share/rqt_example/resource/rqt_example.ui
[2.704s] -- Symlinking: /home/minipin/ros2-study/robot_dj/install/rqt_example/share/rqt_example/launch/turtlesim.launch.py
[2.715s] -- Symlinking: /home/minipin/ros2-study/robot_dj/install/rqt_example/lib/rqt_example/rqt_example
[2.735s] -- Symlinking: /home/minipin/ros2-study/robot_dj/install/rqt_example/share/ament_index/resource_index/package_run_dependencies/rqt_example
[2.778s] -- Symlinking: /home/minipin/ros2-study/robot_dj/install/rqt_example/share/ament_index/resource_index/parent_prefix_path/rqt_example
[2.829s] -- Symlinking: /home/minipin/ros2-study/robot_dj/install/rqt_example/share/rqt_example/environment/ament_prefix_path.sh
[2.852s] -- Symlinking: /home/minipin/ros2-study/robot_dj/install/rqt_example/share/rqt_example/environment/ament_prefix_path.dsv
[2.889s] -- Symlinking: /home/minipin/ros2-study/robot_dj/install/rqt_example/share/rqt_example/environment/path.sh
[2.922s] -- Symlinking: /home/minipin/ros2-study/robot_dj/install/rqt_example/share/rqt_example/environment/path.dsv
[2.953s] -- Symlinking: /home/minipin/ros2-study/robot_dj/install/rqt_example/share/rqt_example/local_setup.bash
[2.982s] -- Symlinking: /home/minipin/ros2-study/robot_dj/install/rqt_example/share/rqt_example/local_setup.sh
[3.010s] -- Symlinking: /home/minipin/ros2-study/robot_dj/install/rqt_example/share/rqt_example/local_setup.zsh
[3.036s] -- Symlinking: /home/minipin/ros2-study/robot_dj/install/rqt_example/share/rqt_example/local_setup.dsv
[3.088s] -- Symlinking: /home/minipin/ros2-study/robot_dj/install/rqt_example/share/rqt_example/package.dsv
[3.130s] -- Symlinking: /home/minipin/ros2-study/robot_dj/install/rqt_example/share/ament_index/resource_index/packages/rqt_example
[3.142s] -- Symlinking: /home/minipin/ros2-study/robot_dj/install/rqt_example/share/rqt_example/cmake/rqt_exampleConfig.cmake
[3.174s] -- Symlinking: /home/minipin/ros2-study/robot_dj/install/rqt_example/share/rqt_example/cmake/rqt_exampleConfig-version.cmake
[3.203s] -- Symlinking: /home/minipin/ros2-study/robot_dj/install/rqt_example/share/rqt_example/package.xml
[3.334s] Listing '/home/minipin/ros2-study/robot_dj/install/rqt_example/local/lib/python3.10/dist-packages/rqt_example'...
[3.334s] Compiling '/home/minipin/ros2-study/robot_dj/install/rqt_example/local/lib/python3.10/dist-packages/rqt_example/__init__.py'...
[3.334s] Compiling '/home/minipin/ros2-study/robot_dj/install/rqt_example/local/lib/python3.10/dist-packages/rqt_example/examples.py'...
[3.334s] Compiling '/home/minipin/ros2-study/robot_dj/install/rqt_example/local/lib/python3.10/dist-packages/rqt_example/examples_widget.py'...
[3.351s] Invoked command in '/home/minipin/ros2-study/robot_dj/build/rqt_example' returned '0': CMAKE_PREFIX_PATH=/opt/ros/humble /usr/bin/cmake --install /home/minipin/ros2-study/robot_dj/build/rqt_example
