[0.011s] Invoking command in '/home/minipin/ros2-study/robot_dj/build/my_first_ros_rclcpp_pkg': CMAKE_PREFIX_PATH=${CMAKE_PREFIX_PATH}:/opt/ros/humble /usr/bin/cmake --build /home/minipin/ros2-study/robot_dj/build/my_first_ros_rclcpp_pkg -- -j8 -l8
[0.035s] [35m[1mConsolidate compiler generated dependencies of target hellodongjun_publisher[0m
[0.042s] [ 50%] Built target hellodongjun_subscriber
[0.045s] [100%] Built target hellodongjun_publisher
[0.051s] Invoked command in '/home/minipin/ros2-study/robot_dj/build/my_first_ros_rclcpp_pkg' returned '0': CMAKE_PREFIX_PATH=${CMAKE_PREFIX_PATH}:/opt/ros/humble /usr/bin/cmake --build /home/minipin/ros2-study/robot_dj/build/my_first_ros_rclcpp_pkg -- -j8 -l8
[0.070s] Invoking command in '/home/minipin/ros2-study/robot_dj/build/my_first_ros_rclcpp_pkg': CMAKE_PREFIX_PATH=${CMAKE_PREFIX_PATH}:/opt/ros/humble /usr/bin/cmake --install /home/minipin/ros2-study/robot_dj/build/my_first_ros_rclcpp_pkg
[0.074s] -- Install configuration: ""
[0.074s] -- Execute custom install script
[0.074s] -- Up-to-date symlink: /home/minipin/ros2-study/robot_dj/install/my_first_ros_rclcpp_pkg/lib/my_first_ros_rclcpp_pkg/hellodongjun_publisher
[0.074s] -- Up-to-date symlink: /home/minipin/ros2-study/robot_dj/install/my_first_ros_rclcpp_pkg/lib/my_first_ros_rclcpp_pkg/hellodongjun_subscriber
[0.074s] -- Up-to-date symlink: /home/minipin/ros2-study/robot_dj/install/my_first_ros_rclcpp_pkg/share/ament_index/resource_index/package_run_dependencies/my_first_ros_rclcpp_pkg
[0.074s] -- Up-to-date symlink: /home/minipin/ros2-study/robot_dj/install/my_first_ros_rclcpp_pkg/share/ament_index/resource_index/parent_prefix_path/my_first_ros_rclcpp_pkg
[0.074s] -- Up-to-date symlink: /home/minipin/ros2-study/robot_dj/install/my_first_ros_rclcpp_pkg/share/my_first_ros_rclcpp_pkg/environment/ament_prefix_path.sh
[0.074s] -- Up-to-date symlink: /home/minipin/ros2-study/robot_dj/install/my_first_ros_rclcpp_pkg/share/my_first_ros_rclcpp_pkg/environment/ament_prefix_path.dsv
[0.074s] -- Up-to-date symlink: /home/minipin/ros2-study/robot_dj/install/my_first_ros_rclcpp_pkg/share/my_first_ros_rclcpp_pkg/environment/path.sh
[0.075s] -- Up-to-date symlink: /home/minipin/ros2-study/robot_dj/install/my_first_ros_rclcpp_pkg/share/my_first_ros_rclcpp_pkg/environment/path.dsv
[0.075s] -- Up-to-date symlink: /home/minipin/ros2-study/robot_dj/install/my_first_ros_rclcpp_pkg/share/my_first_ros_rclcpp_pkg/local_setup.bash
[0.075s] -- Up-to-date symlink: /home/minipin/ros2-study/robot_dj/install/my_first_ros_rclcpp_pkg/share/my_first_ros_rclcpp_pkg/local_setup.sh
[0.075s] -- Up-to-date symlink: /home/minipin/ros2-study/robot_dj/install/my_first_ros_rclcpp_pkg/share/my_first_ros_rclcpp_pkg/local_setup.zsh
[0.075s] -- Up-to-date symlink: /home/minipin/ros2-study/robot_dj/install/my_first_ros_rclcpp_pkg/share/my_first_ros_rclcpp_pkg/local_setup.dsv
[0.075s] -- Symlinking: /home/minipin/ros2-study/robot_dj/install/my_first_ros_rclcpp_pkg/share/my_first_ros_rclcpp_pkg/package.dsv
[0.079s] -- Up-to-date symlink: /home/minipin/ros2-study/robot_dj/install/my_first_ros_rclcpp_pkg/share/ament_index/resource_index/packages/my_first_ros_rclcpp_pkg
[0.080s] -- Up-to-date symlink: /home/minipin/ros2-study/robot_dj/install/my_first_ros_rclcpp_pkg/share/my_first_ros_rclcpp_pkg/cmake/my_first_ros_rclcpp_pkgConfig.cmake
[0.080s] -- Up-to-date symlink: /home/minipin/ros2-study/robot_dj/install/my_first_ros_rclcpp_pkg/share/my_first_ros_rclcpp_pkg/cmake/my_first_ros_rclcpp_pkgConfig-version.cmake
[0.080s] -- Up-to-date symlink: /home/minipin/ros2-study/robot_dj/install/my_first_ros_rclcpp_pkg/share/my_first_ros_rclcpp_pkg/package.xml
[0.082s] Invoked command in '/home/minipin/ros2-study/robot_dj/build/my_first_ros_rclcpp_pkg' returned '0': CMAKE_PREFIX_PATH=${CMAKE_PREFIX_PATH}:/opt/ros/humble /usr/bin/cmake --install /home/minipin/ros2-study/robot_dj/build/my_first_ros_rclcpp_pkg
