[0.018s] Invoking command in '/home/minipin/ros2-study/robot_dj/build/msg_srv_action_interface_example': CMAKE_PREFIX_PATH=${CMAKE_PREFIX_PATH}:/opt/ros/humble /usr/bin/cmake /home/minipin/ros2-study/robot_dj/src/msg_srv_action_interface_example -DCMAKE_BUILD_TYPE=Debug -DCMAKE_INSTALL_PREFIX=/home/minipin/ros2-study/robot_dj/install/msg_srv_action_interface_example
[0.026s] -- Found ament_cmake: 1.3.3 (/opt/ros/humble/share/ament_cmake/cmake)
[0.130s] -- Override CMake install command with custom implementation using symlinks instead of copying resources
[0.134s] -- Found builtin_interfaces: 1.2.1 (/opt/ros/humble/share/builtin_interfaces/cmake)
[0.151s] -- Found rosidl_generator_c: 3.1.4 (/opt/ros/humble/share/rosidl_generator_c/cmake)
[0.152s] -- Found rosidl_adapter: 3.1.4 (/opt/ros/humble/share/rosidl_adapter/cmake)
[0.157s] -- Found rosidl_generator_cpp: 3.1.4 (/opt/ros/humble/share/rosidl_generator_cpp/cmake)
[0.165s] -- Using all available rosidl_typesupport_c: rosidl_typesupport_fastrtps_c;rosidl_typesupport_introspection_c
[0.175s] -- Using all available rosidl_typesupport_cpp: rosidl_typesupport_fastrtps_cpp;rosidl_typesupport_introspection_cpp
[0.185s] -- Found rosidl_default_generators: 1.2.0 (/opt/ros/humble/share/rosidl_default_generators/cmake)
[0.419s] -- Found ament_cmake_ros: 0.10.0 (/opt/ros/humble/share/ament_cmake_ros/cmake)
[0.671s] -- Using all available rosidl_typesupport_c: rosidl_typesupport_fastrtps_c;rosidl_typesupport_introspection_c
[0.768s] -- Using all available rosidl_typesupport_cpp: rosidl_typesupport_fastrtps_cpp;rosidl_typesupport_introspection_cpp
[0.785s] -- Found PythonInterp: /usr/bin/python3 (found suitable version "3.10.6", minimum required is "3.6") 
[0.785s] -- Found python_cmake_module: 0.10.0 (/opt/ros/humble/share/python_cmake_module/cmake)
[0.807s] -- Found PythonLibs: /usr/lib/x86_64-linux-gnu/libpython3.10.so (found suitable version "3.10.6", minimum required is "3.5") 
[0.807s] -- Using PYTHON_EXECUTABLE: /usr/bin/python3
[0.807s] -- Using PYTHON_INCLUDE_DIRS: /usr/include/python3.10
[0.807s] -- Using PYTHON_LIBRARIES: /usr/lib/x86_64-linux-gnu/libpython3.10.so
[0.823s] -- Found PythonExtra: .so  
[0.872s] -- Configuring done
[0.910s] -- Generating done
[0.913s] -- Build files have been written to: /home/minipin/ros2-study/robot_dj/build/msg_srv_action_interface_example
[0.918s] Invoked command in '/home/minipin/ros2-study/robot_dj/build/msg_srv_action_interface_example' returned '0': CMAKE_PREFIX_PATH=${CMAKE_PREFIX_PATH}:/opt/ros/humble /usr/bin/cmake /home/minipin/ros2-study/robot_dj/src/msg_srv_action_interface_example -DCMAKE_BUILD_TYPE=Debug -DCMAKE_INSTALL_PREFIX=/home/minipin/ros2-study/robot_dj/install/msg_srv_action_interface_example
[0.919s] Invoking command in '/home/minipin/ros2-study/robot_dj/build/msg_srv_action_interface_example': CMAKE_PREFIX_PATH=${CMAKE_PREFIX_PATH}:/opt/ros/humble /usr/bin/cmake --build /home/minipin/ros2-study/robot_dj/build/msg_srv_action_interface_example -- -j8 -l8
[0.948s] [  2%] [34m[1mGenerating C code for ROS interfaces[0m
[0.957s] [  4%] [34m[1mGenerating C++ code for ROS interfaces[0m
[0.968s] [  4%] Built target ament_cmake_python_symlink_msg_srv_action_interface_example
[1.267s] running egg_info
[1.268s] creating msg_srv_action_interface_example.egg-info
[1.268s] writing msg_srv_action_interface_example.egg-info/PKG-INFO
[1.268s] writing dependency_links to msg_srv_action_interface_example.egg-info/dependency_links.txt
[1.268s] writing top-level names to msg_srv_action_interface_example.egg-info/top_level.txt
[1.269s] writing manifest file 'msg_srv_action_interface_example.egg-info/SOURCES.txt'
[1.272s] reading manifest file 'msg_srv_action_interface_example.egg-info/SOURCES.txt'
[1.273s] writing manifest file 'msg_srv_action_interface_example.egg-info/SOURCES.txt'
[1.310s] [  4%] Built target ament_cmake_python_build_msg_srv_action_interface_example_egg
[1.521s] [  8%] [32mBuilding C object CMakeFiles/msg_srv_action_interface_example__rosidl_generator_c.dir/rosidl_generator_c/msg_srv_action_interface_example/msg/detail/arithmetic_argument__functions.c.o[0m
[1.523s] [  6%] [32mBuilding C object CMakeFiles/msg_srv_action_interface_example__rosidl_generator_c.dir/rosidl_generator_c/msg_srv_action_interface_example/srv/detail/arithmetic_operator__functions.c.o[0m
[1.525s] [ 10%] [32mBuilding C object CMakeFiles/msg_srv_action_interface_example__rosidl_generator_c.dir/rosidl_generator_c/msg_srv_action_interface_example/action/detail/arithmetic_checker__functions.c.o[0m
[1.546s] [ 10%] Built target msg_srv_action_interface_example__cpp
[1.555s] [ 17%] [34m[1mGenerating C++ type support dispatch for ROS interfaces[0m
[1.555s] [ 17%] [34m[1mGenerating C++ type support for eProsima Fast-RTPS[0m
[1.557s] [ 17%] [34m[1mGenerating C++ introspection for ROS interfaces[0m
[1.680s] [ 19%] [32m[1mLinking C shared library libmsg_srv_action_interface_example__rosidl_generator_c.so[0m
[1.744s] [ 19%] Built target msg_srv_action_interface_example__rosidl_generator_c
[1.753s] [ 25%] [34m[1mGenerating C type support dispatch for ROS interfaces[0m
[1.753s] [ 25%] [34m[1mGenerating C introspection for ROS interfaces[0m
[1.758s] [ 25%] [34m[1mGenerating C type support for eProsima Fast-RTPS[0m
[2.187s] [ 27%] [32mBuilding CXX object CMakeFiles/msg_srv_action_interface_example__rosidl_typesupport_cpp.dir/rosidl_typesupport_cpp/msg_srv_action_interface_example/msg/arithmetic_argument__type_support.cpp.o[0m
[2.219s] [ 29%] [32mBuilding CXX object CMakeFiles/msg_srv_action_interface_example__rosidl_typesupport_cpp.dir/rosidl_typesupport_cpp/msg_srv_action_interface_example/srv/arithmetic_operator__type_support.cpp.o[0m
[2.275s] [ 31%] [32mBuilding CXX object CMakeFiles/msg_srv_action_interface_example__rosidl_typesupport_cpp.dir/rosidl_typesupport_cpp/msg_srv_action_interface_example/action/arithmetic_checker__type_support.cpp.o[0m
[2.320s] [ 34%] [32mBuilding CXX object CMakeFiles/msg_srv_action_interface_example__rosidl_typesupport_introspection_cpp.dir/rosidl_typesupport_introspection_cpp/msg_srv_action_interface_example/msg/detail/arithmetic_argument__type_support.cpp.o[0m
[2.467s] [ 36%] [32mBuilding CXX object CMakeFiles/msg_srv_action_interface_example__rosidl_typesupport_fastrtps_cpp.dir/rosidl_typesupport_fastrtps_cpp/msg_srv_action_interface_example/msg/detail/dds_fastrtps/arithmetic_argument__type_support.cpp.o[0m
[2.594s] [ 38%] [32mBuilding CXX object CMakeFiles/msg_srv_action_interface_example__rosidl_typesupport_c.dir/rosidl_typesupport_c/msg_srv_action_interface_example/msg/arithmetic_argument__type_support.cpp.o[0m
[2.617s] [ 40%] [32mBuilding CXX object CMakeFiles/msg_srv_action_interface_example__rosidl_typesupport_fastrtps_cpp.dir/rosidl_typesupport_fastrtps_cpp/msg_srv_action_interface_example/srv/detail/dds_fastrtps/arithmetic_operator__type_support.cpp.o[0m
[2.696s] [ 42%] [32mBuilding CXX object CMakeFiles/msg_srv_action_interface_example__rosidl_typesupport_c.dir/rosidl_typesupport_c/msg_srv_action_interface_example/srv/arithmetic_operator__type_support.cpp.o[0m
[2.747s] [ 44%] [32mBuilding C object CMakeFiles/msg_srv_action_interface_example__rosidl_typesupport_introspection_c.dir/rosidl_typesupport_introspection_c/msg_srv_action_interface_example/msg/detail/arithmetic_argument__type_support.c.o[0m
[2.811s] [ 46%] [32mBuilding C object CMakeFiles/msg_srv_action_interface_example__rosidl_typesupport_introspection_c.dir/rosidl_typesupport_introspection_c/msg_srv_action_interface_example/srv/detail/arithmetic_operator__type_support.c.o[0m
[2.822s] [ 48%] [32mBuilding CXX object CMakeFiles/msg_srv_action_interface_example__rosidl_typesupport_fastrtps_c.dir/rosidl_typesupport_fastrtps_c/msg_srv_action_interface_example/msg/detail/arithmetic_argument__type_support_c.cpp.o[0m
[2.851s] [ 51%] [32mBuilding CXX object CMakeFiles/msg_srv_action_interface_example__rosidl_typesupport_c.dir/rosidl_typesupport_c/msg_srv_action_interface_example/action/arithmetic_checker__type_support.cpp.o[0m
[3.002s] [ 53%] [32m[1mLinking CXX shared library libmsg_srv_action_interface_example__rosidl_typesupport_c.so[0m
[3.002s] [ 55%] [32mBuilding C object CMakeFiles/msg_srv_action_interface_example__rosidl_typesupport_introspection_c.dir/rosidl_typesupport_introspection_c/msg_srv_action_interface_example/action/detail/arithmetic_checker__type_support.c.o[0m
[3.002s] [ 57%] [32mBuilding CXX object CMakeFiles/msg_srv_action_interface_example__rosidl_typesupport_fastrtps_c.dir/rosidl_typesupport_fastrtps_c/msg_srv_action_interface_example/srv/detail/arithmetic_operator__type_support_c.cpp.o[0m
[3.039s] [ 59%] [32mBuilding CXX object CMakeFiles/msg_srv_action_interface_example__rosidl_typesupport_introspection_cpp.dir/rosidl_typesupport_introspection_cpp/msg_srv_action_interface_example/srv/detail/arithmetic_operator__type_support.cpp.o[0m
[3.148s] [ 61%] [32m[1mLinking C shared library libmsg_srv_action_interface_example__rosidl_typesupport_introspection_c.so[0m
[3.149s] [ 63%] [32m[1mLinking CXX shared library libmsg_srv_action_interface_example__rosidl_typesupport_cpp.so[0m
[3.166s] [ 63%] Built target msg_srv_action_interface_example__rosidl_typesupport_c
[3.181s] [ 65%] [32mBuilding CXX object CMakeFiles/msg_srv_action_interface_example__rosidl_typesupport_introspection_cpp.dir/rosidl_typesupport_introspection_cpp/msg_srv_action_interface_example/action/detail/arithmetic_checker__type_support.cpp.o[0m
[3.197s] [ 68%] [32mBuilding CXX object CMakeFiles/msg_srv_action_interface_example__rosidl_typesupport_fastrtps_cpp.dir/rosidl_typesupport_fastrtps_cpp/msg_srv_action_interface_example/action/detail/dds_fastrtps/arithmetic_checker__type_support.cpp.o[0m
[3.255s] [ 68%] Built target msg_srv_action_interface_example__rosidl_typesupport_cpp
[3.286s] [ 68%] Built target msg_srv_action_interface_example__rosidl_typesupport_introspection_c
[3.328s] [ 70%] [32mBuilding CXX object CMakeFiles/msg_srv_action_interface_example__rosidl_typesupport_fastrtps_c.dir/rosidl_typesupport_fastrtps_c/msg_srv_action_interface_example/action/detail/arithmetic_checker__type_support_c.cpp.o[0m
[3.786s] [ 72%] [32m[1mLinking CXX shared library libmsg_srv_action_interface_example__rosidl_typesupport_fastrtps_c.so[0m
[3.862s] [ 72%] Built target msg_srv_action_interface_example__rosidl_typesupport_fastrtps_c
[4.059s] [ 74%] [32m[1mLinking CXX shared library libmsg_srv_action_interface_example__rosidl_typesupport_fastrtps_cpp.so[0m
[4.062s] [ 76%] [32m[1mLinking CXX shared library libmsg_srv_action_interface_example__rosidl_typesupport_introspection_cpp.so[0m
[4.148s] [ 76%] Built target msg_srv_action_interface_example__rosidl_typesupport_introspection_cpp
[4.150s] [ 76%] Built target msg_srv_action_interface_example__rosidl_typesupport_fastrtps_cpp
[4.164s] [ 76%] Built target msg_srv_action_interface_example
[4.179s] [ 78%] [34m[1mGenerating Python code for ROS interfaces[0m
[5.013s] [ 78%] Built target msg_srv_action_interface_example__py
[5.029s] [ 82%] [32mBuilding C object CMakeFiles/msg_srv_action_interface_example__rosidl_generator_py.dir/rosidl_generator_py/msg_srv_action_interface_example/action/_arithmetic_checker_s.c.o[0m
[5.029s] [ 82%] [32mBuilding C object CMakeFiles/msg_srv_action_interface_example__rosidl_generator_py.dir/rosidl_generator_py/msg_srv_action_interface_example/msg/_arithmetic_argument_s.c.o[0m
[5.029s] [ 85%] [32mBuilding C object CMakeFiles/msg_srv_action_interface_example__rosidl_generator_py.dir/rosidl_generator_py/msg_srv_action_interface_example/srv/_arithmetic_operator_s.c.o[0m
[5.206s] [ 87%] [32m[1mLinking C shared library rosidl_generator_py/msg_srv_action_interface_example/libmsg_srv_action_interface_example__rosidl_generator_py.so[0m
[5.238s] [ 87%] Built target msg_srv_action_interface_example__rosidl_generator_py
[5.254s] [ 89%] [32mBuilding C object CMakeFiles/msg_srv_action_interface_example__rosidl_typesupport_introspection_c__pyext.dir/rosidl_generator_py/msg_srv_action_interface_example/_msg_srv_action_interface_example_s.ep.rosidl_typesupport_introspection_c.c.o[0m
[5.255s] [ 91%] [32mBuilding C object CMakeFiles/msg_srv_action_interface_example__rosidl_typesupport_fastrtps_c__pyext.dir/rosidl_generator_py/msg_srv_action_interface_example/_msg_srv_action_interface_example_s.ep.rosidl_typesupport_fastrtps_c.c.o[0m
[5.256s] [ 93%] [32mBuilding C object CMakeFiles/msg_srv_action_interface_example__rosidl_typesupport_c__pyext.dir/rosidl_generator_py/msg_srv_action_interface_example/_msg_srv_action_interface_example_s.ep.rosidl_typesupport_c.c.o[0m
[5.362s] [ 97%] [32m[1mLinking C shared library rosidl_generator_py/msg_srv_action_interface_example/msg_srv_action_interface_example_s__rosidl_typesupport_fastrtps_c.cpython-310-x86_64-linux-gnu.so[0m
[5.362s] [ 97%] [32m[1mLinking C shared library rosidl_generator_py/msg_srv_action_interface_example/msg_srv_action_interface_example_s__rosidl_typesupport_c.cpython-310-x86_64-linux-gnu.so[0m
[5.393s] [ 97%] Built target msg_srv_action_interface_example__rosidl_typesupport_fastrtps_c__pyext
[5.393s] [ 97%] Built target msg_srv_action_interface_example__rosidl_typesupport_c__pyext
[5.419s] [100%] [32m[1mLinking C shared library rosidl_generator_py/msg_srv_action_interface_example/msg_srv_action_interface_example_s__rosidl_typesupport_introspection_c.cpython-310-x86_64-linux-gnu.so[0m
[5.450s] [100%] Built target msg_srv_action_interface_example__rosidl_typesupport_introspection_c__pyext
[5.461s] Invoked command in '/home/minipin/ros2-study/robot_dj/build/msg_srv_action_interface_example' returned '0': CMAKE_PREFIX_PATH=${CMAKE_PREFIX_PATH}:/opt/ros/humble /usr/bin/cmake --build /home/minipin/ros2-study/robot_dj/build/msg_srv_action_interface_example -- -j8 -l8
[5.520s] Invoking command in '/home/minipin/ros2-study/robot_dj/build/msg_srv_action_interface_example': CMAKE_PREFIX_PATH=${CMAKE_PREFIX_PATH}:/opt/ros/humble /usr/bin/cmake --install /home/minipin/ros2-study/robot_dj/build/msg_srv_action_interface_example
[5.527s] -- Install configuration: "Debug"
[5.527s] -- Execute custom install script
[5.527s] -- Symlinking: /home/minipin/ros2-study/robot_dj/install/msg_srv_action_interface_example/share/ament_index/resource_index/rosidl_interfaces/msg_srv_action_interface_example
[5.533s] -- Symlinking: /home/minipin/ros2-study/robot_dj/install/msg_srv_action_interface_example/include/msg_srv_action_interface_example/msg_srv_action_interface_example/action/arithmetic_checker.h
[5.540s] -- Symlinking: /home/minipin/ros2-study/robot_dj/install/msg_srv_action_interface_example/include/msg_srv_action_interface_example/msg_srv_action_interface_example/action/detail/arithmetic_checker__functions.h
[5.549s] -- Symlinking: /home/minipin/ros2-study/robot_dj/install/msg_srv_action_interface_example/include/msg_srv_action_interface_example/msg_srv_action_interface_example/action/detail/arithmetic_checker__struct.h
[5.557s] -- Symlinking: /home/minipin/ros2-study/robot_dj/install/msg_srv_action_interface_example/include/msg_srv_action_interface_example/msg_srv_action_interface_example/action/detail/arithmetic_checker__type_support.h
[5.563s] -- Symlinking: /home/minipin/ros2-study/robot_dj/install/msg_srv_action_interface_example/include/msg_srv_action_interface_example/msg_srv_action_interface_example/msg/arithmetic_argument.h
[5.568s] -- Symlinking: /home/minipin/ros2-study/robot_dj/install/msg_srv_action_interface_example/include/msg_srv_action_interface_example/msg_srv_action_interface_example/msg/detail/arithmetic_argument__functions.h
[5.575s] -- Symlinking: /home/minipin/ros2-study/robot_dj/install/msg_srv_action_interface_example/include/msg_srv_action_interface_example/msg_srv_action_interface_example/msg/detail/arithmetic_argument__struct.h
[5.580s] -- Symlinking: /home/minipin/ros2-study/robot_dj/install/msg_srv_action_interface_example/include/msg_srv_action_interface_example/msg_srv_action_interface_example/msg/detail/arithmetic_argument__type_support.h
[5.585s] -- Symlinking: /home/minipin/ros2-study/robot_dj/install/msg_srv_action_interface_example/include/msg_srv_action_interface_example/msg_srv_action_interface_example/msg/rosidl_generator_c__visibility_control.h
[5.593s] -- Symlinking: /home/minipin/ros2-study/robot_dj/install/msg_srv_action_interface_example/include/msg_srv_action_interface_example/msg_srv_action_interface_example/srv/arithmetic_operator.h
[5.598s] -- Symlinking: /home/minipin/ros2-study/robot_dj/install/msg_srv_action_interface_example/include/msg_srv_action_interface_example/msg_srv_action_interface_example/srv/detail/arithmetic_operator__functions.h
[5.604s] -- Symlinking: /home/minipin/ros2-study/robot_dj/install/msg_srv_action_interface_example/include/msg_srv_action_interface_example/msg_srv_action_interface_example/srv/detail/arithmetic_operator__struct.h
[5.611s] -- Symlinking: /home/minipin/ros2-study/robot_dj/install/msg_srv_action_interface_example/include/msg_srv_action_interface_example/msg_srv_action_interface_example/srv/detail/arithmetic_operator__type_support.h
[5.616s] -- Symlinking: /home/minipin/ros2-study/robot_dj/install/msg_srv_action_interface_example/share/msg_srv_action_interface_example/environment/library_path.sh
[5.624s] -- Symlinking: /home/minipin/ros2-study/robot_dj/install/msg_srv_action_interface_example/share/msg_srv_action_interface_example/environment/library_path.dsv
[5.630s] -- Symlinking: /home/minipin/ros2-study/robot_dj/install/msg_srv_action_interface_example/include/msg_srv_action_interface_example/msg_srv_action_interface_example/action/detail/arithmetic_checker__rosidl_typesupport_fastrtps_c.h
[5.635s] -- Symlinking: /home/minipin/ros2-study/robot_dj/install/msg_srv_action_interface_example/include/msg_srv_action_interface_example/msg_srv_action_interface_example/msg/detail/arithmetic_argument__rosidl_typesupport_fastrtps_c.h
[5.643s] -- Symlinking: /home/minipin/ros2-study/robot_dj/install/msg_srv_action_interface_example/include/msg_srv_action_interface_example/msg_srv_action_interface_example/msg/rosidl_typesupport_fastrtps_c__visibility_control.h
[5.648s] -- Symlinking: /home/minipin/ros2-study/robot_dj/install/msg_srv_action_interface_example/include/msg_srv_action_interface_example/msg_srv_action_interface_example/srv/detail/arithmetic_operator__rosidl_typesupport_fastrtps_c.h
[5.653s] -- Symlinking: /home/minipin/ros2-study/robot_dj/install/msg_srv_action_interface_example/include/msg_srv_action_interface_example/msg_srv_action_interface_example/action/arithmetic_checker.hpp
[5.660s] -- Symlinking: /home/minipin/ros2-study/robot_dj/install/msg_srv_action_interface_example/include/msg_srv_action_interface_example/msg_srv_action_interface_example/action/detail/arithmetic_checker__builder.hpp
[5.665s] -- Symlinking: /home/minipin/ros2-study/robot_dj/install/msg_srv_action_interface_example/include/msg_srv_action_interface_example/msg_srv_action_interface_example/action/detail/arithmetic_checker__struct.hpp
[5.671s] -- Symlinking: /home/minipin/ros2-study/robot_dj/install/msg_srv_action_interface_example/include/msg_srv_action_interface_example/msg_srv_action_interface_example/action/detail/arithmetic_checker__traits.hpp
[5.678s] -- Symlinking: /home/minipin/ros2-study/robot_dj/install/msg_srv_action_interface_example/include/msg_srv_action_interface_example/msg_srv_action_interface_example/msg/arithmetic_argument.hpp
[5.683s] -- Symlinking: /home/minipin/ros2-study/robot_dj/install/msg_srv_action_interface_example/include/msg_srv_action_interface_example/msg_srv_action_interface_example/msg/detail/arithmetic_argument__builder.hpp
[5.689s] -- Symlinking: /home/minipin/ros2-study/robot_dj/install/msg_srv_action_interface_example/include/msg_srv_action_interface_example/msg_srv_action_interface_example/msg/detail/arithmetic_argument__struct.hpp
[5.695s] -- Symlinking: /home/minipin/ros2-study/robot_dj/install/msg_srv_action_interface_example/include/msg_srv_action_interface_example/msg_srv_action_interface_example/msg/detail/arithmetic_argument__traits.hpp
[5.700s] -- Symlinking: /home/minipin/ros2-study/robot_dj/install/msg_srv_action_interface_example/include/msg_srv_action_interface_example/msg_srv_action_interface_example/srv/arithmetic_operator.hpp
[5.708s] -- Symlinking: /home/minipin/ros2-study/robot_dj/install/msg_srv_action_interface_example/include/msg_srv_action_interface_example/msg_srv_action_interface_example/srv/detail/arithmetic_operator__builder.hpp
[5.713s] -- Symlinking: /home/minipin/ros2-study/robot_dj/install/msg_srv_action_interface_example/include/msg_srv_action_interface_example/msg_srv_action_interface_example/srv/detail/arithmetic_operator__struct.hpp
[5.718s] -- Symlinking: /home/minipin/ros2-study/robot_dj/install/msg_srv_action_interface_example/include/msg_srv_action_interface_example/msg_srv_action_interface_example/srv/detail/arithmetic_operator__traits.hpp
[5.727s] -- Symlinking: /home/minipin/ros2-study/robot_dj/install/msg_srv_action_interface_example/include/msg_srv_action_interface_example/msg_srv_action_interface_example/action/detail/arithmetic_checker__rosidl_typesupport_fastrtps_cpp.hpp
[5.732s] -- Symlinking: /home/minipin/ros2-study/robot_dj/install/msg_srv_action_interface_example/include/msg_srv_action_interface_example/msg_srv_action_interface_example/msg/detail/arithmetic_argument__rosidl_typesupport_fastrtps_cpp.hpp
[5.738s] -- Symlinking: /home/minipin/ros2-study/robot_dj/install/msg_srv_action_interface_example/include/msg_srv_action_interface_example/msg_srv_action_interface_example/msg/rosidl_typesupport_fastrtps_cpp__visibility_control.h
[5.747s] -- Symlinking: /home/minipin/ros2-study/robot_dj/install/msg_srv_action_interface_example/include/msg_srv_action_interface_example/msg_srv_action_interface_example/srv/detail/arithmetic_operator__rosidl_typesupport_fastrtps_cpp.hpp
[5.752s] -- Symlinking: /home/minipin/ros2-study/robot_dj/install/msg_srv_action_interface_example/include/msg_srv_action_interface_example/msg_srv_action_interface_example/action/detail/arithmetic_checker__rosidl_typesupport_introspection_c.h
[5.759s] -- Symlinking: /home/minipin/ros2-study/robot_dj/install/msg_srv_action_interface_example/include/msg_srv_action_interface_example/msg_srv_action_interface_example/msg/detail/arithmetic_argument__rosidl_typesupport_introspection_c.h
[5.764s] -- Symlinking: /home/minipin/ros2-study/robot_dj/install/msg_srv_action_interface_example/include/msg_srv_action_interface_example/msg_srv_action_interface_example/msg/rosidl_typesupport_introspection_c__visibility_control.h
[5.770s] -- Symlinking: /home/minipin/ros2-study/robot_dj/install/msg_srv_action_interface_example/include/msg_srv_action_interface_example/msg_srv_action_interface_example/srv/detail/arithmetic_operator__rosidl_typesupport_introspection_c.h
[5.779s] -- Symlinking: /home/minipin/ros2-study/robot_dj/install/msg_srv_action_interface_example/include/msg_srv_action_interface_example/msg_srv_action_interface_example/action/detail/arithmetic_checker__rosidl_typesupport_introspection_cpp.hpp
[5.785s] -- Symlinking: /home/minipin/ros2-study/robot_dj/install/msg_srv_action_interface_example/include/msg_srv_action_interface_example/msg_srv_action_interface_example/msg/detail/arithmetic_argument__rosidl_typesupport_introspection_cpp.hpp
[5.792s] -- Symlinking: /home/minipin/ros2-study/robot_dj/install/msg_srv_action_interface_example/include/msg_srv_action_interface_example/msg_srv_action_interface_example/srv/detail/arithmetic_operator__rosidl_typesupport_introspection_cpp.hpp
[5.797s] -- Symlinking: /home/minipin/ros2-study/robot_dj/install/msg_srv_action_interface_example/share/msg_srv_action_interface_example/environment/pythonpath.sh
[5.803s] -- Symlinking: /home/minipin/ros2-study/robot_dj/install/msg_srv_action_interface_example/share/msg_srv_action_interface_example/environment/pythonpath.dsv
[5.811s] -- Symlinking: /home/minipin/ros2-study/robot_dj/install/msg_srv_action_interface_example/local/lib/python3.10/dist-packages/msg_srv_action_interface_example-0.2.0-py3.10.egg-info/PKG-INFO
[5.816s] -- Symlinking: /home/minipin/ros2-study/robot_dj/install/msg_srv_action_interface_example/local/lib/python3.10/dist-packages/msg_srv_action_interface_example-0.2.0-py3.10.egg-info/SOURCES.txt
[5.823s] -- Symlinking: /home/minipin/ros2-study/robot_dj/install/msg_srv_action_interface_example/local/lib/python3.10/dist-packages/msg_srv_action_interface_example-0.2.0-py3.10.egg-info/dependency_links.txt
[5.830s] -- Symlinking: /home/minipin/ros2-study/robot_dj/install/msg_srv_action_interface_example/local/lib/python3.10/dist-packages/msg_srv_action_interface_example-0.2.0-py3.10.egg-info/top_level.txt
[5.835s] -- Symlinking: /home/minipin/ros2-study/robot_dj/install/msg_srv_action_interface_example/local/lib/python3.10/dist-packages/msg_srv_action_interface_example/__init__.py
[5.844s] -- Symlinking: /home/minipin/ros2-study/robot_dj/install/msg_srv_action_interface_example/local/lib/python3.10/dist-packages/msg_srv_action_interface_example/_msg_srv_action_interface_example_s.ep.rosidl_typesupport_c.c
[5.849s] -- Symlinking: /home/minipin/ros2-study/robot_dj/install/msg_srv_action_interface_example/local/lib/python3.10/dist-packages/msg_srv_action_interface_example/_msg_srv_action_interface_example_s.ep.rosidl_typesupport_fastrtps_c.c
[5.856s] -- Symlinking: /home/minipin/ros2-study/robot_dj/install/msg_srv_action_interface_example/local/lib/python3.10/dist-packages/msg_srv_action_interface_example/_msg_srv_action_interface_example_s.ep.rosidl_typesupport_introspection_c.c
[5.862s] -- Symlinking: /home/minipin/ros2-study/robot_dj/install/msg_srv_action_interface_example/local/lib/python3.10/dist-packages/msg_srv_action_interface_example/action/__init__.py
[5.867s] -- Symlinking: /home/minipin/ros2-study/robot_dj/install/msg_srv_action_interface_example/local/lib/python3.10/dist-packages/msg_srv_action_interface_example/action/_arithmetic_checker.py
[5.875s] -- Symlinking: /home/minipin/ros2-study/robot_dj/install/msg_srv_action_interface_example/local/lib/python3.10/dist-packages/msg_srv_action_interface_example/action/_arithmetic_checker_s.c
[5.880s] -- Symlinking: /home/minipin/ros2-study/robot_dj/install/msg_srv_action_interface_example/local/lib/python3.10/dist-packages/msg_srv_action_interface_example/libmsg_srv_action_interface_example__rosidl_generator_py.so
[5.885s] -- Symlinking: /home/minipin/ros2-study/robot_dj/install/msg_srv_action_interface_example/local/lib/python3.10/dist-packages/msg_srv_action_interface_example/msg/__init__.py
[5.893s] -- Symlinking: /home/minipin/ros2-study/robot_dj/install/msg_srv_action_interface_example/local/lib/python3.10/dist-packages/msg_srv_action_interface_example/msg/_arithmetic_argument.py
[5.898s] -- Symlinking: /home/minipin/ros2-study/robot_dj/install/msg_srv_action_interface_example/local/lib/python3.10/dist-packages/msg_srv_action_interface_example/msg/_arithmetic_argument_s.c
[5.904s] -- Symlinking: /home/minipin/ros2-study/robot_dj/install/msg_srv_action_interface_example/local/lib/python3.10/dist-packages/msg_srv_action_interface_example/msg_srv_action_interface_example_s__rosidl_typesupport_c.cpython-310-x86_64-linux-gnu.so
[5.910s] -- Symlinking: /home/minipin/ros2-study/robot_dj/install/msg_srv_action_interface_example/local/lib/python3.10/dist-packages/msg_srv_action_interface_example/msg_srv_action_interface_example_s__rosidl_typesupport_fastrtps_c.cpython-310-x86_64-linux-gnu.so
[5.915s] -- Symlinking: /home/minipin/ros2-study/robot_dj/install/msg_srv_action_interface_example/local/lib/python3.10/dist-packages/msg_srv_action_interface_example/msg_srv_action_interface_example_s__rosidl_typesupport_introspection_c.cpython-310-x86_64-linux-gnu.so
[5.922s] -- Symlinking: /home/minipin/ros2-study/robot_dj/install/msg_srv_action_interface_example/local/lib/python3.10/dist-packages/msg_srv_action_interface_example/srv/__init__.py
[5.928s] -- Symlinking: /home/minipin/ros2-study/robot_dj/install/msg_srv_action_interface_example/local/lib/python3.10/dist-packages/msg_srv_action_interface_example/srv/_arithmetic_operator.py
[5.933s] -- Symlinking: /home/minipin/ros2-study/robot_dj/install/msg_srv_action_interface_example/local/lib/python3.10/dist-packages/msg_srv_action_interface_example/srv/_arithmetic_operator_s.c
[5.941s] -- Up-to-date symlink: /home/minipin/ros2-study/robot_dj/install/msg_srv_action_interface_example/local/lib/python3.10/dist-packages/msg_srv_action_interface_example/msg_srv_action_interface_example_s__rosidl_typesupport_fastrtps_c.cpython-310-x86_64-linux-gnu.so
[5.941s] -- Up-to-date symlink: /home/minipin/ros2-study/robot_dj/install/msg_srv_action_interface_example/local/lib/python3.10/dist-packages/msg_srv_action_interface_example/msg_srv_action_interface_example_s__rosidl_typesupport_introspection_c.cpython-310-x86_64-linux-gnu.so
[5.941s] -- Up-to-date symlink: /home/minipin/ros2-study/robot_dj/install/msg_srv_action_interface_example/local/lib/python3.10/dist-packages/msg_srv_action_interface_example/msg_srv_action_interface_example_s__rosidl_typesupport_c.cpython-310-x86_64-linux-gnu.so
[5.941s] -- Symlinking: /home/minipin/ros2-study/robot_dj/install/msg_srv_action_interface_example/share/msg_srv_action_interface_example/msg/ArithmeticArgument.idl
[5.947s] -- Symlinking: /home/minipin/ros2-study/robot_dj/install/msg_srv_action_interface_example/share/msg_srv_action_interface_example/srv/ArithmeticOperator.idl
[5.952s] -- Symlinking: /home/minipin/ros2-study/robot_dj/install/msg_srv_action_interface_example/share/msg_srv_action_interface_example/action/ArithmeticChecker.idl
[5.959s] -- Symlinking: /home/minipin/ros2-study/robot_dj/install/msg_srv_action_interface_example/share/msg_srv_action_interface_example/msg/ArithmeticArgument.msg
[5.964s] -- Symlinking: /home/minipin/ros2-study/robot_dj/install/msg_srv_action_interface_example/share/msg_srv_action_interface_example/srv/ArithmeticOperator.srv
[5.970s] -- Symlinking: /home/minipin/ros2-study/robot_dj/install/msg_srv_action_interface_example/share/msg_srv_action_interface_example/srv/ArithmeticOperator_Request.msg
[5.977s] -- Symlinking: /home/minipin/ros2-study/robot_dj/install/msg_srv_action_interface_example/share/msg_srv_action_interface_example/srv/ArithmeticOperator_Response.msg
[5.982s] -- Symlinking: /home/minipin/ros2-study/robot_dj/install/msg_srv_action_interface_example/share/msg_srv_action_interface_example/action/ArithmeticChecker.action
[5.988s] -- Symlinking: /home/minipin/ros2-study/robot_dj/install/msg_srv_action_interface_example/share/ament_index/resource_index/package_run_dependencies/msg_srv_action_interface_example
[5.996s] -- Symlinking: /home/minipin/ros2-study/robot_dj/install/msg_srv_action_interface_example/share/ament_index/resource_index/parent_prefix_path/msg_srv_action_interface_example
[6.004s] -- Symlinking: /home/minipin/ros2-study/robot_dj/install/msg_srv_action_interface_example/share/msg_srv_action_interface_example/environment/ament_prefix_path.sh
[6.013s] -- Symlinking: /home/minipin/ros2-study/robot_dj/install/msg_srv_action_interface_example/share/msg_srv_action_interface_example/environment/ament_prefix_path.dsv
[6.018s] -- Symlinking: /home/minipin/ros2-study/robot_dj/install/msg_srv_action_interface_example/share/msg_srv_action_interface_example/environment/path.sh
[6.027s] -- Symlinking: /home/minipin/ros2-study/robot_dj/install/msg_srv_action_interface_example/share/msg_srv_action_interface_example/environment/path.dsv
[6.033s] -- Symlinking: /home/minipin/ros2-study/robot_dj/install/msg_srv_action_interface_example/share/msg_srv_action_interface_example/local_setup.bash
[6.040s] -- Symlinking: /home/minipin/ros2-study/robot_dj/install/msg_srv_action_interface_example/share/msg_srv_action_interface_example/local_setup.sh
[6.046s] -- Symlinking: /home/minipin/ros2-study/robot_dj/install/msg_srv_action_interface_example/share/msg_srv_action_interface_example/local_setup.zsh
[6.051s] -- Symlinking: /home/minipin/ros2-study/robot_dj/install/msg_srv_action_interface_example/share/msg_srv_action_interface_example/local_setup.dsv
[6.059s] -- Symlinking: /home/minipin/ros2-study/robot_dj/install/msg_srv_action_interface_example/share/msg_srv_action_interface_example/package.dsv
[6.064s] -- Symlinking: /home/minipin/ros2-study/robot_dj/install/msg_srv_action_interface_example/share/ament_index/resource_index/packages/msg_srv_action_interface_example
[6.071s] -- Symlinking: /home/minipin/ros2-study/robot_dj/install/msg_srv_action_interface_example/share/msg_srv_action_interface_example/cmake/rosidl_cmake-extras.cmake
[6.078s] -- Symlinking: /home/minipin/ros2-study/robot_dj/install/msg_srv_action_interface_example/share/msg_srv_action_interface_example/cmake/ament_cmake_export_dependencies-extras.cmake
[6.083s] -- Symlinking: /home/minipin/ros2-study/robot_dj/install/msg_srv_action_interface_example/share/msg_srv_action_interface_example/cmake/ament_cmake_export_include_directories-extras.cmake
[6.092s] -- Symlinking: /home/minipin/ros2-study/robot_dj/install/msg_srv_action_interface_example/share/msg_srv_action_interface_example/cmake/ament_cmake_export_libraries-extras.cmake
[6.098s] -- Symlinking: /home/minipin/ros2-study/robot_dj/install/msg_srv_action_interface_example/share/msg_srv_action_interface_example/cmake/ament_cmake_export_targets-extras.cmake
[6.104s] -- Symlinking: /home/minipin/ros2-study/robot_dj/install/msg_srv_action_interface_example/share/msg_srv_action_interface_example/cmake/rosidl_cmake_export_typesupport_targets-extras.cmake
[6.110s] -- Symlinking: /home/minipin/ros2-study/robot_dj/install/msg_srv_action_interface_example/share/msg_srv_action_interface_example/cmake/rosidl_cmake_export_typesupport_libraries-extras.cmake
[6.115s] -- Symlinking: /home/minipin/ros2-study/robot_dj/install/msg_srv_action_interface_example/share/msg_srv_action_interface_example/cmake/msg_srv_action_interface_exampleConfig.cmake
[6.122s] -- Symlinking: /home/minipin/ros2-study/robot_dj/install/msg_srv_action_interface_example/share/msg_srv_action_interface_example/cmake/msg_srv_action_interface_exampleConfig-version.cmake
[6.129s] -- Symlinking: /home/minipin/ros2-study/robot_dj/install/msg_srv_action_interface_example/share/msg_srv_action_interface_example/package.xml
[6.134s] -- Installing: /home/minipin/ros2-study/robot_dj/install/msg_srv_action_interface_example/lib/libmsg_srv_action_interface_example__rosidl_generator_c.so
[6.135s] -- Set runtime path of "/home/minipin/ros2-study/robot_dj/install/msg_srv_action_interface_example/lib/libmsg_srv_action_interface_example__rosidl_generator_c.so" to ""
[6.135s] -- Installing: /home/minipin/ros2-study/robot_dj/install/msg_srv_action_interface_example/lib/libmsg_srv_action_interface_example__rosidl_typesupport_fastrtps_c.so
[6.135s] -- Set runtime path of "/home/minipin/ros2-study/robot_dj/install/msg_srv_action_interface_example/lib/libmsg_srv_action_interface_example__rosidl_typesupport_fastrtps_c.so" to ""
[6.135s] -- Installing: /home/minipin/ros2-study/robot_dj/install/msg_srv_action_interface_example/lib/libmsg_srv_action_interface_example__rosidl_typesupport_fastrtps_cpp.so
[6.136s] -- Set runtime path of "/home/minipin/ros2-study/robot_dj/install/msg_srv_action_interface_example/lib/libmsg_srv_action_interface_example__rosidl_typesupport_fastrtps_cpp.so" to ""
[6.136s] -- Installing: /home/minipin/ros2-study/robot_dj/install/msg_srv_action_interface_example/lib/libmsg_srv_action_interface_example__rosidl_typesupport_introspection_c.so
[6.137s] -- Set runtime path of "/home/minipin/ros2-study/robot_dj/install/msg_srv_action_interface_example/lib/libmsg_srv_action_interface_example__rosidl_typesupport_introspection_c.so" to ""
[6.137s] -- Installing: /home/minipin/ros2-study/robot_dj/install/msg_srv_action_interface_example/lib/libmsg_srv_action_interface_example__rosidl_typesupport_c.so
[6.137s] -- Set runtime path of "/home/minipin/ros2-study/robot_dj/install/msg_srv_action_interface_example/lib/libmsg_srv_action_interface_example__rosidl_typesupport_c.so" to ""
[6.137s] -- Installing: /home/minipin/ros2-study/robot_dj/install/msg_srv_action_interface_example/lib/libmsg_srv_action_interface_example__rosidl_typesupport_introspection_cpp.so
[6.138s] -- Set runtime path of "/home/minipin/ros2-study/robot_dj/install/msg_srv_action_interface_example/lib/libmsg_srv_action_interface_example__rosidl_typesupport_introspection_cpp.so" to ""
[6.138s] -- Installing: /home/minipin/ros2-study/robot_dj/install/msg_srv_action_interface_example/lib/libmsg_srv_action_interface_example__rosidl_typesupport_cpp.so
[6.139s] -- Set runtime path of "/home/minipin/ros2-study/robot_dj/install/msg_srv_action_interface_example/lib/libmsg_srv_action_interface_example__rosidl_typesupport_cpp.so" to ""
[6.183s] Listing '/home/minipin/ros2-study/robot_dj/install/msg_srv_action_interface_example/local/lib/python3.10/dist-packages/msg_srv_action_interface_example'...
[6.183s] Compiling '/home/minipin/ros2-study/robot_dj/install/msg_srv_action_interface_example/local/lib/python3.10/dist-packages/msg_srv_action_interface_example/__init__.py'...
[6.183s] Listing '/home/minipin/ros2-study/robot_dj/install/msg_srv_action_interface_example/local/lib/python3.10/dist-packages/msg_srv_action_interface_example/action'...
[6.183s] Compiling '/home/minipin/ros2-study/robot_dj/install/msg_srv_action_interface_example/local/lib/python3.10/dist-packages/msg_srv_action_interface_example/action/__init__.py'...
[6.183s] Compiling '/home/minipin/ros2-study/robot_dj/install/msg_srv_action_interface_example/local/lib/python3.10/dist-packages/msg_srv_action_interface_example/action/_arithmetic_checker.py'...
[6.183s] Listing '/home/minipin/ros2-study/robot_dj/install/msg_srv_action_interface_example/local/lib/python3.10/dist-packages/msg_srv_action_interface_example/msg'...
[6.183s] Compiling '/home/minipin/ros2-study/robot_dj/install/msg_srv_action_interface_example/local/lib/python3.10/dist-packages/msg_srv_action_interface_example/msg/__init__.py'...
[6.183s] Compiling '/home/minipin/ros2-study/robot_dj/install/msg_srv_action_interface_example/local/lib/python3.10/dist-packages/msg_srv_action_interface_example/msg/_arithmetic_argument.py'...
[6.183s] Listing '/home/minipin/ros2-study/robot_dj/install/msg_srv_action_interface_example/local/lib/python3.10/dist-packages/msg_srv_action_interface_example/srv'...
[6.183s] Compiling '/home/minipin/ros2-study/robot_dj/install/msg_srv_action_interface_example/local/lib/python3.10/dist-packages/msg_srv_action_interface_example/srv/__init__.py'...
[6.183s] Compiling '/home/minipin/ros2-study/robot_dj/install/msg_srv_action_interface_example/local/lib/python3.10/dist-packages/msg_srv_action_interface_example/srv/_arithmetic_operator.py'...
[6.187s] -- Installing: /home/minipin/ros2-study/robot_dj/install/msg_srv_action_interface_example/lib/libmsg_srv_action_interface_example__rosidl_generator_py.so
[6.187s] -- Set runtime path of "/home/minipin/ros2-study/robot_dj/install/msg_srv_action_interface_example/lib/libmsg_srv_action_interface_example__rosidl_generator_py.so" to ""
[6.187s] -- Installing: /home/minipin/ros2-study/robot_dj/install/msg_srv_action_interface_example/share/msg_srv_action_interface_example/cmake/export_msg_srv_action_interface_example__rosidl_generator_cExport.cmake
[6.187s] -- Installing: /home/minipin/ros2-study/robot_dj/install/msg_srv_action_interface_example/share/msg_srv_action_interface_example/cmake/export_msg_srv_action_interface_example__rosidl_generator_cExport-debug.cmake
[6.188s] -- Installing: /home/minipin/ros2-study/robot_dj/install/msg_srv_action_interface_example/share/msg_srv_action_interface_example/cmake/export_msg_srv_action_interface_example__rosidl_typesupport_fastrtps_cExport.cmake
[6.188s] -- Installing: /home/minipin/ros2-study/robot_dj/install/msg_srv_action_interface_example/share/msg_srv_action_interface_example/cmake/export_msg_srv_action_interface_example__rosidl_typesupport_fastrtps_cExport-debug.cmake
[6.188s] -- Installing: /home/minipin/ros2-study/robot_dj/install/msg_srv_action_interface_example/share/msg_srv_action_interface_example/cmake/export_msg_srv_action_interface_example__rosidl_generator_cppExport.cmake
[6.188s] -- Installing: /home/minipin/ros2-study/robot_dj/install/msg_srv_action_interface_example/share/msg_srv_action_interface_example/cmake/export_msg_srv_action_interface_example__rosidl_typesupport_fastrtps_cppExport.cmake
[6.188s] -- Installing: /home/minipin/ros2-study/robot_dj/install/msg_srv_action_interface_example/share/msg_srv_action_interface_example/cmake/export_msg_srv_action_interface_example__rosidl_typesupport_fastrtps_cppExport-debug.cmake
[6.188s] -- Installing: /home/minipin/ros2-study/robot_dj/install/msg_srv_action_interface_example/share/msg_srv_action_interface_example/cmake/msg_srv_action_interface_example__rosidl_typesupport_introspection_cExport.cmake
[6.188s] -- Installing: /home/minipin/ros2-study/robot_dj/install/msg_srv_action_interface_example/share/msg_srv_action_interface_example/cmake/msg_srv_action_interface_example__rosidl_typesupport_introspection_cExport-debug.cmake
[6.189s] -- Installing: /home/minipin/ros2-study/robot_dj/install/msg_srv_action_interface_example/share/msg_srv_action_interface_example/cmake/msg_srv_action_interface_example__rosidl_typesupport_cExport.cmake
[6.189s] -- Installing: /home/minipin/ros2-study/robot_dj/install/msg_srv_action_interface_example/share/msg_srv_action_interface_example/cmake/msg_srv_action_interface_example__rosidl_typesupport_cExport-debug.cmake
[6.189s] -- Installing: /home/minipin/ros2-study/robot_dj/install/msg_srv_action_interface_example/share/msg_srv_action_interface_example/cmake/msg_srv_action_interface_example__rosidl_typesupport_introspection_cppExport.cmake
[6.189s] -- Installing: /home/minipin/ros2-study/robot_dj/install/msg_srv_action_interface_example/share/msg_srv_action_interface_example/cmake/msg_srv_action_interface_example__rosidl_typesupport_introspection_cppExport-debug.cmake
[6.189s] -- Installing: /home/minipin/ros2-study/robot_dj/install/msg_srv_action_interface_example/share/msg_srv_action_interface_example/cmake/msg_srv_action_interface_example__rosidl_typesupport_cppExport.cmake
[6.189s] -- Installing: /home/minipin/ros2-study/robot_dj/install/msg_srv_action_interface_example/share/msg_srv_action_interface_example/cmake/msg_srv_action_interface_example__rosidl_typesupport_cppExport-debug.cmake
[6.189s] -- Installing: /home/minipin/ros2-study/robot_dj/install/msg_srv_action_interface_example/share/msg_srv_action_interface_example/cmake/export_msg_srv_action_interface_example__rosidl_generator_pyExport.cmake
[6.190s] -- Installing: /home/minipin/ros2-study/robot_dj/install/msg_srv_action_interface_example/share/msg_srv_action_interface_example/cmake/export_msg_srv_action_interface_example__rosidl_generator_pyExport-debug.cmake
[6.193s] Invoked command in '/home/minipin/ros2-study/robot_dj/build/msg_srv_action_interface_example' returned '0': CMAKE_PREFIX_PATH=${CMAKE_PREFIX_PATH}:/opt/ros/humble /usr/bin/cmake --install /home/minipin/ros2-study/robot_dj/build/msg_srv_action_interface_example
