[0.019s] Invoking command in '/home/minipin/ros2-study/robot_dj/build/msg_srv_action_interface_example': CMAKE_PREFIX_PATH=${CMAKE_PREFIX_PATH}:/opt/ros/humble /usr/bin/cmake /home/minipin/ros2-study/robot_dj/src/msg_srv_action_interface_example -DAMENT_CMAKE_SYMLINK_INSTALL=1 -DCMAKE_INSTALL_PREFIX=/home/minipin/ros2-study/robot_dj/install/msg_srv_action_interface_example
[0.088s] -- Found ament_cmake: 1.3.3 (/opt/ros/humble/share/ament_cmake/cmake)
[0.224s] -- Override CMake install command with custom implementation using symlinks instead of copying resources
[0.272s] -- Found builtin_interfaces: 1.2.1 (/opt/ros/humble/share/builtin_interfaces/cmake)
[0.324s] -- Found rosidl_generator_c: 3.1.4 (/opt/ros/humble/share/rosidl_generator_c/cmake)
[0.330s] -- Found rosidl_adapter: 3.1.4 (/opt/ros/humble/share/rosidl_adapter/cmake)
[0.349s] -- Found rosidl_generator_cpp: 3.1.4 (/opt/ros/humble/share/rosidl_generator_cpp/cmake)
[0.374s] -- Using all available rosidl_typesupport_c: rosidl_typesupport_fastrtps_c;rosidl_typesupport_introspection_c
[0.398s] -- Using all available rosidl_typesupport_cpp: rosidl_typesupport_fastrtps_cpp;rosidl_typesupport_introspection_cpp
[0.417s] -- Found rosidl_default_generators: 1.2.0 (/opt/ros/humble/share/rosidl_default_generators/cmake)
[0.544s] [31mCMake Error at /opt/ros/humble/share/rosidl_adapter/cmake/rosidl_adapt_interfaces.cmake:59 (message):
[0.544s]   execute_process(/usr/bin/python3.10 -m rosidl_adapter --package-name
[0.544s]   msg_srv_action_interface_example --arguments-file
[0.544s]   /home/minipin/ros2-study/robot_dj/build/msg_srv_action_interface_example/rosidl_adapter__arguments__msg_srv_action_interface_example.json
[0.544s]   --output-dir
[0.544s]   /home/minipin/ros2-study/robot_dj/build/msg_srv_action_interface_example/rosidl_adapter/msg_srv_action_interface_example
[0.544s]   --output-file
[0.544s]   /home/minipin/ros2-study/robot_dj/build/msg_srv_action_interface_example/rosidl_adapter/msg_srv_action_interface_example.idls)
[0.544s]   returned error code 1:
[0.544s] 
[0.544s]   Traceback (most recent call last):
[0.544s] 
[0.544s]     File "/usr/lib/python3.10/runpy.py", line 196, in _run_module_as_main
[0.544s]       return _run_code(code, main_globals, None,
[0.544s]     File "/usr/lib/python3.10/runpy.py", line 86, in _run_code
[0.544s]       exec(code, run_globals)
[0.544s]     File "/opt/ros/humble/local/lib/python3.10/dist-packages/rosidl_adapter/__main__.py", line 19, in <module>
[0.544s]       sys.exit(main())
[0.544s]     File "/opt/ros/humble/local/lib/python3.10/dist-packages/rosidl_adapter/main.py", line 53, in main
[0.544s]       abs_idl_file = convert_to_idl(
[0.544s]     File "/opt/ros/humble/local/lib/python3.10/dist-packages/rosidl_adapter/__init__.py", line 24, in convert_to_idl
[0.544s]       return convert_srv_to_idl(
[0.545s]     File "/opt/ros/humble/local/lib/python3.10/dist-packages/rosidl_adapter/srv/__init__.py", line 28, in convert_srv_to_idl
[0.545s]       srv = parse_service_string(package_name, input_file.stem, content)
[0.545s]     File "/opt/ros/humble/local/lib/python3.10/dist-packages/rosidl_adapter/parser.py", line 850, in parse_service_string
[0.545s]       raise InvalidServiceSpecification(
[0.545s] 
[0.545s]   rosidl_adapter.parser.InvalidServiceSpecification: Could not find separator
[0.545s]   '---' between request and response
[0.545s] 
[0.545s] Call Stack (most recent call first):
[0.545s]   /opt/ros/humble/share/rosidl_cmake/cmake/rosidl_generate_interfaces.cmake:130 (rosidl_adapt_interfaces)
[0.545s]   CMakeLists.txt:37 (rosidl_generate_interfaces)
[0.545s] 
[0.545s] [0m
[0.545s] -- Configuring incomplete, errors occurred!
[0.545s] See also "/home/minipin/ros2-study/robot_dj/build/msg_srv_action_interface_example/CMakeFiles/CMakeOutput.log".
[0.548s] Invoked command in '/home/minipin/ros2-study/robot_dj/build/msg_srv_action_interface_example' returned '1': CMAKE_PREFIX_PATH=${CMAKE_PREFIX_PATH}:/opt/ros/humble /usr/bin/cmake /home/minipin/ros2-study/robot_dj/src/msg_srv_action_interface_example -DAMENT_CMAKE_SYMLINK_INSTALL=1 -DCMAKE_INSTALL_PREFIX=/home/minipin/ros2-study/robot_dj/install/msg_srv_action_interface_example
