[0.007s] Invoking command in '/home/minipin/ros2-study/robot_dj/build/msg_srv_action_interface_example': CMAKE_PREFIX_PATH=${CMAKE_PREFIX_PATH}:/opt/ros/humble /usr/bin/cmake /home/minipin/ros2-study/robot_dj/src/msg_srv_action_interface_example -DAMENT_CMAKE_SYMLINK_INSTALL=1 -DCMAKE_INSTALL_PREFIX=/home/minipin/ros2-study/robot_dj/install/msg_srv_action_interface_example
[0.040s] -- The C compiler identification is GNU 11.3.0
[0.076s] -- The CXX compiler identification is GNU 11.3.0
[0.080s] -- Detecting C compiler ABI info
[0.121s] -- Detecting C compiler ABI info - done
[0.126s] -- Check for working C compiler: /usr/bin/cc - skipped
[0.126s] -- Detecting C compile features
[0.127s] -- Detecting C compile features - done
[0.128s] -- Detecting CXX compiler ABI info
[0.175s] -- Detecting CXX compiler ABI info - done
[0.180s] -- Check for working CXX compiler: /usr/bin/c++ - skipped
[0.180s] -- Detecting CXX compile features
[0.180s] -- Detecting CXX compile features - done
[0.182s] -- Found ament_cmake: 1.3.3 (/opt/ros/humble/share/ament_cmake/cmake)
[0.287s] -- Found Python3: /usr/bin/python3.10 (found version "3.10.6") found components: Interpreter 
[0.322s] -- Override CMake install command with custom implementation using symlinks instead of copying resources
[0.337s] -- Found builtin_interfaces: 1.2.1 (/opt/ros/humble/share/builtin_interfaces/cmake)
[0.357s] -- Found rosidl_generator_c: 3.1.4 (/opt/ros/humble/share/rosidl_generator_c/cmake)
[0.361s] -- Found rosidl_adapter: 3.1.4 (/opt/ros/humble/share/rosidl_adapter/cmake)
[0.366s] -- Found rosidl_generator_cpp: 3.1.4 (/opt/ros/humble/share/rosidl_generator_cpp/cmake)
[0.374s] -- Using all available rosidl_typesupport_c: rosidl_typesupport_fastrtps_c;rosidl_typesupport_introspection_c
[0.385s] -- Using all available rosidl_typesupport_cpp: rosidl_typesupport_fastrtps_cpp;rosidl_typesupport_introspection_cpp
[0.398s] -- Found rosidl_default_generators: 1.2.0 (/opt/ros/humble/share/rosidl_default_generators/cmake)
[0.518s] [31mCMake Error at /opt/ros/humble/share/rosidl_adapter/cmake/rosidl_adapt_interfaces.cmake:59 (message):
[0.518s]   execute_process(/usr/bin/python3.10 -m rosidl_adapter --package-name
[0.518s]   msg_srv_action_interface_example --arguments-file
[0.518s]   /home/minipin/ros2-study/robot_dj/build/msg_srv_action_interface_example/rosidl_adapter__arguments__msg_srv_action_interface_example.json
[0.518s]   --output-dir
[0.518s]   /home/minipin/ros2-study/robot_dj/build/msg_srv_action_interface_example/rosidl_adapter/msg_srv_action_interface_example
[0.518s]   --output-file
[0.518s]   /home/minipin/ros2-study/robot_dj/build/msg_srv_action_interface_example/rosidl_adapter/msg_srv_action_interface_example.idls)
[0.518s]   returned error code 1:
[0.518s] 
[0.518s]   Traceback (most recent call last):
[0.518s] 
[0.518s]     File "/usr/lib/python3.10/runpy.py", line 196, in _run_module_as_main
[0.519s]       return _run_code(code, main_globals, None,
[0.519s]     File "/usr/lib/python3.10/runpy.py", line 86, in _run_code
[0.519s]       exec(code, run_globals)
[0.519s]     File "/opt/ros/humble/local/lib/python3.10/dist-packages/rosidl_adapter/__main__.py", line 19, in <module>
[0.519s]       sys.exit(main())
[0.519s]     File "/opt/ros/humble/local/lib/python3.10/dist-packages/rosidl_adapter/main.py", line 53, in main
[0.519s]       abs_idl_file = convert_to_idl(
[0.519s]     File "/opt/ros/humble/local/lib/python3.10/dist-packages/rosidl_adapter/__init__.py", line 24, in convert_to_idl
[0.519s]       return convert_srv_to_idl(
[0.519s]     File "/opt/ros/humble/local/lib/python3.10/dist-packages/rosidl_adapter/srv/__init__.py", line 28, in convert_srv_to_idl
[0.519s]       srv = parse_service_string(package_name, input_file.stem, content)
[0.519s]     File "/opt/ros/humble/local/lib/python3.10/dist-packages/rosidl_adapter/parser.py", line 850, in parse_service_string
[0.519s]       raise InvalidServiceSpecification(
[0.519s] 
[0.519s]   rosidl_adapter.parser.InvalidServiceSpecification: Could not find separator
[0.519s]   '---' between request and response
[0.519s] 
[0.519s] Call Stack (most recent call first):
[0.519s]   /opt/ros/humble/share/rosidl_cmake/cmake/rosidl_generate_interfaces.cmake:130 (rosidl_adapt_interfaces)
[0.519s]   CMakeLists.txt:34 (rosidl_generate_interfaces)
[0.519s] 
[0.519s] [0m
[0.519s] -- Configuring incomplete, errors occurred!
[0.519s] See also "/home/minipin/ros2-study/robot_dj/build/msg_srv_action_interface_example/CMakeFiles/CMakeOutput.log".
[0.524s] Invoked command in '/home/minipin/ros2-study/robot_dj/build/msg_srv_action_interface_example' returned '1': CMAKE_PREFIX_PATH=${CMAKE_PREFIX_PATH}:/opt/ros/humble /usr/bin/cmake /home/minipin/ros2-study/robot_dj/src/msg_srv_action_interface_example -DAMENT_CMAKE_SYMLINK_INSTALL=1 -DCMAKE_INSTALL_PREFIX=/home/minipin/ros2-study/robot_dj/install/msg_srv_action_interface_example
