running develop
/usr/lib/python3/dist-packages/setuptools/command/easy_install.py:158: EasyInstallDeprecationWarning: easy_install command is deprecated. Use build and pip and other standards-based tools.
  warnings.warn(
/usr/lib/python3/dist-packages/setuptools/command/install.py:34: SetuptoolsDeprecationWarning: setup.py install is deprecated. Use build and pip and other standards-based tools.
  warnings.warn(
/usr/lib/python3/dist-packages/pkg_resources/__init__.py:116: PkgResourcesDeprecationWarning: 1.16.0-unknown is an invalid version and will not be supported in a future release
  warnings.warn(
/usr/lib/python3/dist-packages/pkg_resources/__init__.py:116: PkgResourcesDeprecationWarning: 0.1.43ubuntu1 is an invalid version and will not be supported in a future release
  warnings.warn(
/usr/lib/python3/dist-packages/pkg_resources/__init__.py:116: PkgResourcesDeprecationWarning: 1.1build1 is an invalid version and will not be supported in a future release
  warnings.warn(
running egg_info
creating topic_service_action_rclpy_example.egg-info
writing topic_service_action_rclpy_example.egg-info/PKG-INFO
writing dependency_links to topic_service_action_rclpy_example.egg-info/dependency_links.txt
writing entry points to topic_service_action_rclpy_example.egg-info/entry_points.txt
writing requirements to topic_service_action_rclpy_example.egg-info/requires.txt
writing top-level names to topic_service_action_rclpy_example.egg-info/top_level.txt
writing manifest file 'topic_service_action_rclpy_example.egg-info/SOURCES.txt'
reading manifest file 'topic_service_action_rclpy_example.egg-info/SOURCES.txt'
writing manifest file 'topic_service_action_rclpy_example.egg-info/SOURCES.txt'
running build_ext
Creating /home/minipin/ros2-study/robot_dj/install/topic_service_action_rclpy_example/lib/python3.10/site-packages/topic-service-action-rclpy-example.egg-link (link to .)
Installing argument script to /home/minipin/ros2-study/robot_dj/install/topic_service_action_rclpy_example/lib/topic_service_action_rclpy_example
Installing calculator script to /home/minipin/ros2-study/robot_dj/install/topic_service_action_rclpy_example/lib/topic_service_action_rclpy_example
Installing checker script to /home/minipin/ros2-study/robot_dj/install/topic_service_action_rclpy_example/lib/topic_service_action_rclpy_example
Installing operator script to /home/minipin/ros2-study/robot_dj/install/topic_service_action_rclpy_example/lib/topic_service_action_rclpy_example

Installed /home/minipin/ros2-study/robot_dj/build/topic_service_action_rclpy_example
running install_data
creating /home/minipin/ros2-study/robot_dj/install/topic_service_action_rclpy_example/share/ament_index
creating /home/minipin/ros2-study/robot_dj/install/topic_service_action_rclpy_example/share/ament_index/resource_index
creating /home/minipin/ros2-study/robot_dj/install/topic_service_action_rclpy_example/share/ament_index/resource_index/packages
copying resource/topic_service_action_rclpy_example -> /home/minipin/ros2-study/robot_dj/install/topic_service_action_rclpy_example/share/ament_index/resource_index/packages
copying package.xml -> /home/minipin/ros2-study/robot_dj/install/topic_service_action_rclpy_example/share/topic_service_action_rclpy_example
creating /home/minipin/ros2-study/robot_dj/install/topic_service_action_rclpy_example/share/topic_service_action_rclpy_example/launch
copying launch/arithmetic.launch.py -> /home/minipin/ros2-study/robot_dj/install/topic_service_action_rclpy_example/share/topic_service_action_rclpy_example/launch
creating /home/minipin/ros2-study/robot_dj/install/topic_service_action_rclpy_example/share/topic_service_action_rclpy_example/param
copying param/arithmetic_config.yaml -> /home/minipin/ros2-study/robot_dj/install/topic_service_action_rclpy_example/share/topic_service_action_rclpy_example/param
