[0.584s] Invoking command in '/home/minipin/ros2-study/robot_dj/build/topic_service_action_rclpy_example': AMENT_PREFIX_PATH=/home/minipin/ros2-study/robot_dj/install/msg_srv_action_interface_example:${AMENT_PREFIX_PATH} CMAKE_PREFIX_PATH=/home/minipin/ros2-study/robot_dj/install/msg_srv_action_interface_example LD_LIBRARY_PATH=/home/minipin/ros2-study/robot_dj/install/msg_srv_action_interface_example/lib:${LD_LIBRARY_PATH} PYTHONPATH=/home/minipin/ros2-study/robot_dj/build/topic_service_action_rclpy_example/prefix_override:/home/minipin/ros2-study/robot_dj/install/topic_service_action_rclpy_example/lib/python3.10/site-packages:/home/minipin/ros2-study/robot_dj/install/msg_srv_action_interface_example/local/lib/python3.10/dist-packages:${PYTHONPATH} /usr/bin/python3 setup.py develop --editable --build-directory /home/minipin/ros2-study/robot_dj/build/topic_service_action_rclpy_example/build --no-deps install_data
[0.759s] running develop
[0.760s] /usr/lib/python3/dist-packages/setuptools/command/easy_install.py:158: EasyInstallDeprecationWarning: easy_install command is deprecated. Use build and pip and other standards-based tools.
[0.760s]   warnings.warn(
[0.761s] /usr/lib/python3/dist-packages/setuptools/command/install.py:34: SetuptoolsDeprecationWarning: setup.py install is deprecated. Use build and pip and other standards-based tools.
[0.761s]   warnings.warn(
[0.803s] /usr/lib/python3/dist-packages/pkg_resources/__init__.py:116: PkgResourcesDeprecationWarning: 1.16.0-unknown is an invalid version and will not be supported in a future release
[0.803s]   warnings.warn(
[0.803s] /usr/lib/python3/dist-packages/pkg_resources/__init__.py:116: PkgResourcesDeprecationWarning: 0.1.43ubuntu1 is an invalid version and will not be supported in a future release
[0.803s]   warnings.warn(
[0.804s] /usr/lib/python3/dist-packages/pkg_resources/__init__.py:116: PkgResourcesDeprecationWarning: 1.1build1 is an invalid version and will not be supported in a future release
[0.804s]   warnings.warn(
[0.873s] running egg_info
[0.874s] creating topic_service_action_rclpy_example.egg-info
[0.874s] writing topic_service_action_rclpy_example.egg-info/PKG-INFO
[0.874s] writing dependency_links to topic_service_action_rclpy_example.egg-info/dependency_links.txt
[0.874s] writing entry points to topic_service_action_rclpy_example.egg-info/entry_points.txt
[0.874s] writing requirements to topic_service_action_rclpy_example.egg-info/requires.txt
[0.874s] writing top-level names to topic_service_action_rclpy_example.egg-info/top_level.txt
[0.874s] writing manifest file 'topic_service_action_rclpy_example.egg-info/SOURCES.txt'
[0.876s] reading manifest file 'topic_service_action_rclpy_example.egg-info/SOURCES.txt'
[0.876s] writing manifest file 'topic_service_action_rclpy_example.egg-info/SOURCES.txt'
[0.877s] running build_ext
[0.877s] Creating /home/minipin/ros2-study/robot_dj/install/topic_service_action_rclpy_example/lib/python3.10/site-packages/topic-service-action-rclpy-example.egg-link (link to .)
[0.878s] Installing argument script to /home/minipin/ros2-study/robot_dj/install/topic_service_action_rclpy_example/lib/topic_service_action_rclpy_example
[0.878s] Installing calculator script to /home/minipin/ros2-study/robot_dj/install/topic_service_action_rclpy_example/lib/topic_service_action_rclpy_example
[0.878s] Installing checker script to /home/minipin/ros2-study/robot_dj/install/topic_service_action_rclpy_example/lib/topic_service_action_rclpy_example
[0.878s] Installing operator script to /home/minipin/ros2-study/robot_dj/install/topic_service_action_rclpy_example/lib/topic_service_action_rclpy_example
[0.878s] 
[0.878s] Installed /home/minipin/ros2-study/robot_dj/build/topic_service_action_rclpy_example
[0.878s] running install_data
[0.878s] creating /home/minipin/ros2-study/robot_dj/install/topic_service_action_rclpy_example/share/ament_index
[0.878s] creating /home/minipin/ros2-study/robot_dj/install/topic_service_action_rclpy_example/share/ament_index/resource_index
[0.879s] creating /home/minipin/ros2-study/robot_dj/install/topic_service_action_rclpy_example/share/ament_index/resource_index/packages
[0.879s] copying resource/topic_service_action_rclpy_example -> /home/minipin/ros2-study/robot_dj/install/topic_service_action_rclpy_example/share/ament_index/resource_index/packages
[0.879s] copying package.xml -> /home/minipin/ros2-study/robot_dj/install/topic_service_action_rclpy_example/share/topic_service_action_rclpy_example
[0.879s] creating /home/minipin/ros2-study/robot_dj/install/topic_service_action_rclpy_example/share/topic_service_action_rclpy_example/launch
[0.879s] copying launch/arithmetic.launch.py -> /home/minipin/ros2-study/robot_dj/install/topic_service_action_rclpy_example/share/topic_service_action_rclpy_example/launch
[0.879s] creating /home/minipin/ros2-study/robot_dj/install/topic_service_action_rclpy_example/share/topic_service_action_rclpy_example/param
[0.879s] copying param/arithmetic_config.yaml -> /home/minipin/ros2-study/robot_dj/install/topic_service_action_rclpy_example/share/topic_service_action_rclpy_example/param
